PRT1
54
93
4 0 2 (3776 6144 1216 ) (3072 6144 1216 ) (3072 6144 -1088 ) (3776 6144 -1088 ) 
4 0 1 (3072 6720 -1088 ) (3072 6144 -1088 ) (3072 6144 1216 ) (3072 6720 1216 ) 
4 1 6 (2048 6144 -1088 ) (2048 6144 1216 ) (2048 6720 1216 ) (2048 6720 -1088 ) 
4 1 3 (3072 6144 -1088 ) (3072 6144 1216 ) (2048 6144 1216 ) (2048 6144 -1088 ) 
4 2 4 (3776 5120 1216 ) (3072 5120 1216 ) (3072 5120 -1088 ) (3776 5120 -1088 ) 
4 2 3 (3072 6144 1216 ) (3072 6144 -1088 ) (3072 5120 -1088 ) (3072 5120 1216 ) 
4 3 8 (2048 5120 -1088 ) (2048 5120 1216 ) (2048 6144 1216 ) (2048 6144 -1088 ) 
4 3 5 (3072 5120 -1088 ) (3072 5120 1216 ) (2048 5120 1216 ) (2048 5120 -1088 ) 
4 4 18 (3776 4096 1216 ) (3072 4096 1216 ) (3072 4096 -1088 ) (3776 4096 -1088 ) 
4 4 5 (3072 5120 1216 ) (3072 5120 -1088 ) (3072 4096 -1088 ) (3072 4096 1216 ) 
4 5 19 (3072 4096 -1088 ) (3072 4096 1216 ) (2048 4096 1216 ) (2048 4096 -1088 ) 
4 5 10 (2048 4096 -1088 ) (2048 4096 1216 ) (2048 5120 1216 ) (2048 5120 -1088 ) 
4 6 8 (2048 6144 -1088 ) (2048 6144 1216 ) (1024 6144 1216 ) (1024 6144 -1088 ) 
4 6 7 (1024 6144 -1088 ) (1024 6144 1216 ) (1024 6720 1216 ) (1024 6720 -1088 ) 
4 7 12 (0 6144 -1088 ) (0 6144 1216 ) (0 6720 1216 ) (0 6720 -1088 ) 
4 7 9 (1024 6144 -1088 ) (1024 6144 1216 ) (0 6144 1216 ) (0 6144 -1088 ) 
4 8 10 (2048 5120 -1088 ) (2048 5120 1216 ) (1024 5120 1216 ) (1024 5120 -1088 ) 
4 8 9 (1024 5120 -1088 ) (1024 5120 1216 ) (1024 6144 1216 ) (1024 6144 -1088 ) 
4 9 14 (0 5120 -1088 ) (0 5120 1216 ) (0 6144 1216 ) (0 6144 -1088 ) 
4 9 11 (0 5120 1216 ) (0 5120 -1088 ) (1024 5120 -1088 ) (1024 5120 1216 ) 
4 10 30 (2048 4096 -1088 ) (2048 4096 1216 ) (1024 4096 1216 ) (1024 4096 -1088 ) 
4 10 11 (1024 5120 1216 ) (1024 5120 -1088 ) (1024 4096 -1088 ) (1024 4096 1216 ) 
4 11 31 (1024 4096 -1088 ) (1024 4096 1216 ) (0 4096 1216 ) (0 4096 -1088 ) 
4 11 15 (0 4096 -1088 ) (0 4096 1216 ) (0 5120 1216 ) (0 5120 -1088 ) 
4 12 14 (0 6144 -1088 ) (0 6144 1216 ) (-1024 6144 1216 ) (-1024 6144 -1088 ) 
4 12 13 (-1024 6144 -1088 ) (-1024 6144 1216 ) (-1024 6720 1216 ) (-1024 6720 -1088 ) 
4 13 16 (-1024 6144 -1088 ) (-1024 6144 1216 ) (-1600 6144 1216 ) (-1600 6144 -1088 ) 
4 14 16 (-1024 6144 1216 ) (-1024 6144 -1088 ) (-1024 5120 -1088 ) (-1024 5120 1216 ) 
4 14 15 (0 5120 -1088 ) (0 5120 1216 ) (-1024 5120 1216 ) (-1024 5120 -1088 ) 
4 15 36 (0 4096 -1088 ) (0 4096 1216 ) (-1024 4096 1216 ) (-1024 4096 -1088 ) 
4 15 17 (-1024 4096 -1088 ) (-1024 4096 1216 ) (-1024 5120 1216 ) (-1024 5120 -1088 ) 
4 16 17 (-1024 5120 -1088 ) (-1024 5120 1216 ) (-1600 5120 1216 ) (-1600 5120 -1088 ) 
4 17 37 (-1024 4096 -1088 ) (-1024 4096 1216 ) (-1600 4096 1216 ) (-1600 4096 -1088 ) 
4 18 20 (3776 3072 1216 ) (3072 3072 1216 ) (3072 3072 -1088 ) (3776 3072 -1088 ) 
4 18 19 (3072 3072 -1088 ) (3072 3072 1216 ) (3072 4096 1216 ) (3072 4096 -1088 ) 
4 19 30 (2048 4096 1216 ) (2048 4096 -1088 ) (2048 3072 -1088 ) (2048 3072 1216 ) 
4 19 21 (3072 3072 -1088 ) (3072 3072 1216 ) (2048 3072 1216 ) (2048 3072 -1088 ) 
4 20 22 (3776 2048 1216 ) (3072 2048 1216 ) (3072 2048 -1088 ) (3776 2048 -1088 ) 
4 20 21 (3072 3072 1216 ) (3072 3072 -1088 ) (3072 2048 -1088 ) (3072 2048 1216 ) 
4 21 32 (2048 2048 -1088 ) (2048 2048 1216 ) (2048 3072 1216 ) (2048 3072 -1088 ) 
4 21 23 (3072 2048 -1088 ) (3072 2048 1216 ) (2048 2048 1216 ) (2048 2048 -1088 ) 
4 22 24 (3776 1024 1216 ) (3072 1024 1216 ) (3072 1024 -1088 ) (3776 1024 -1088 ) 
4 22 23 (3072 2048 1216 ) (3072 2048 -1088 ) (3072 1024 -1088 ) (3072 1024 1216 ) 
4 23 34 (2048 1024 -1088 ) (2048 1024 1216 ) (2048 2048 1216 ) (2048 2048 -1088 ) 
4 23 25 (3072 1024 -1088 ) (3072 1024 1216 ) (2048 1024 1216 ) (2048 1024 -1088 ) 
4 24 26 (3776 0 1216 ) (3072 0 1216 ) (3072 0 -1088 ) (3776 0 -1088 ) 
4 24 25 (3072 1024 1216 ) (3072 1024 -1088 ) (3072 0 -1088 ) (3072 0 1216 ) 
4 25 42 (2048 0 -1088 ) (2048 0 1216 ) (2048 1024 1216 ) (2048 1024 -1088 ) 
4 25 27 (3072 0 -1088 ) (3072 0 1216 ) (2048 0 1216 ) (2048 0 -1088 ) 
4 26 28 (3776 -1024 1216 ) (3072 -1024 1216 ) (3072 -1024 -1088 ) (3776 -1024 -1088 ) 
4 26 27 (3072 0 1216 ) (3072 0 -1088 ) (3072 -1024 -1088 ) (3072 -1024 1216 ) 
4 27 44 (2048 -1024 -1088 ) (2048 -1024 1216 ) (2048 0 1216 ) (2048 0 -1088 ) 
4 27 29 (3072 -1024 -1088 ) (3072 -1024 1216 ) (2048 -1024 1216 ) (2048 -1024 -1088 ) 
4 28 29 (3072 -1024 1216 ) (3072 -1024 -1088 ) (3072 -1984 -1088 ) (3072 -1984 1216 ) 
4 29 46 (2048 -1984 1216 ) (2048 -1024 1216 ) (2048 -1024 -1088 ) (2048 -1984 -1088 ) 
4 30 32 (2048 3072 -1088 ) (2048 3072 1216 ) (1024 3072 1216 ) (1024 3072 -1088 ) 
4 30 31 (1024 4096 1216 ) (1024 4096 -1088 ) (1024 3072 -1088 ) (1024 3072 1216 ) 
4 31 36 (0 4096 1216 ) (0 4096 -1088 ) (0 3072 -1088 ) (0 3072 1216 ) 
4 31 33 (1024 3072 -1088 ) (1024 3072 1216 ) (0 3072 1216 ) (0 3072 -1088 ) 
4 32 34 (2048 2048 -1088 ) (2048 2048 1216 ) (1024 2048 1216 ) (1024 2048 -1088 ) 
4 32 33 (1024 2048 -1088 ) (1024 2048 1216 ) (1024 3072 1216 ) (1024 3072 -1088 ) 
4 33 38 (0 2048 -1088 ) (0 2048 1216 ) (0 3072 1216 ) (0 3072 -1088 ) 
4 33 35 (0 2048 1216 ) (0 2048 -1088 ) (1024 2048 -1088 ) (1024 2048 1216 ) 
4 34 42 (2048 1024 -1088 ) (2048 1024 1216 ) (1024 1024 1216 ) (1024 1024 -1088 ) 
4 34 35 (1024 2048 1216 ) (1024 2048 -1088 ) (1024 1024 -1088 ) (1024 1024 1216 ) 
4 35 43 (1024 1024 -1088 ) (1024 1024 1216 ) (0 1024 1216 ) (0 1024 -1088 ) 
4 35 39 (0 1024 -1088 ) (0 1024 1216 ) (0 2048 1216 ) (0 2048 -1088 ) 
4 36 38 (0 3072 -1088 ) (0 3072 1216 ) (-1024 3072 1216 ) (-1024 3072 -1088 ) 
4 36 37 (-1024 4096 1216 ) (-1024 4096 -1088 ) (-1024 3072 -1088 ) (-1024 3072 1216 ) 
4 37 40 (-1024 3072 -1088 ) (-1024 3072 1216 ) (-1600 3072 1216 ) (-1600 3072 -1088 ) 
4 38 40 (-1024 3072 1216 ) (-1024 3072 -1088 ) (-1024 2048 -1088 ) (-1024 2048 1216 ) 
4 38 39 (0 2048 -1088 ) (0 2048 1216 ) (-1024 2048 1216 ) (-1024 2048 -1088 ) 
4 39 48 (0 1024 -1088 ) (0 1024 1216 ) (-1024 1024 1216 ) (-1024 1024 -1088 ) 
4 39 41 (-1024 1024 -1088 ) (-1024 1024 1216 ) (-1024 2048 1216 ) (-1024 2048 -1088 ) 
4 40 41 (-1024 2048 -1088 ) (-1024 2048 1216 ) (-1600 2048 1216 ) (-1600 2048 -1088 ) 
4 41 50 (-1024 1024 -1088 ) (-1024 1024 1216 ) (-1600 1024 1216 ) (-1600 1024 -1088 ) 
4 42 44 (2048 0 -1088 ) (2048 0 1216 ) (1024 0 1216 ) (1024 0 -1088 ) 
4 42 43 (1024 0 -1088 ) (1024 0 1216 ) (1024 1024 1216 ) (1024 1024 -1088 ) 
4 43 48 (0 1024 1216 ) (0 1024 -1088 ) (0 0 -1088 ) (0 0 1216 ) 
4 43 45 (0 0 1216 ) (0 0 -1088 ) (1024 0 -1088 ) (1024 0 1216 ) 
4 44 46 (2048 -1024 -1088 ) (2048 -1024 1216 ) (1024 -1024 1216 ) (1024 -1024 -1088 ) 
4 44 45 (1024 0 1216 ) (1024 0 -1088 ) (1024 -1024 -1088 ) (1024 -1024 1216 ) 
4 45 49 (0 -1024 -1088 ) (0 -1024 1216 ) (0 0 1216 ) (0 0 -1088 ) 
4 45 47 (1024 -1024 -1088 ) (1024 -1024 1216 ) (0 -1024 1216 ) (0 -1024 -1088 ) 
4 46 47 (1024 -1984 1216 ) (1024 -1024 1216 ) (1024 -1024 -1088 ) (1024 -1984 -1088 ) 
4 47 52 (0 -1984 1216 ) (0 -1024 1216 ) (0 -1024 -1088 ) (0 -1984 -1088 ) 
4 48 50 (-1024 1024 1216 ) (-1024 1024 -1088 ) (-1024 0 -1088 ) (-1024 0 1216 ) 
4 48 49 (0 0 -1088 ) (0 0 1216 ) (-1024 0 1216 ) (-1024 0 -1088 ) 
4 49 52 (0 -1024 -1088 ) (0 -1024 1216 ) (-1024 -1024 1216 ) (-1024 -1024 -1088 ) 
4 49 51 (-1024 -1024 -1088 ) (-1024 -1024 1216 ) (-1024 0 1216 ) (-1024 0 -1088 ) 
4 50 51 (-1024 0 -1088 ) (-1024 0 1216 ) (-1600 0 1216 ) (-1600 0 -1088 ) 
4 51 53 (-1024 -1024 -1088 ) (-1024 -1024 1216 ) (-1600 -1024 1216 ) (-1600 -1024 -1088 ) 
4 52 53 (-1024 -1024 1216 ) (-1024 -1024 -1088 ) (-1024 -1984 -1088 ) (-1024 -1984 1216 ) 
