


materialPath: C:\SteamLibrary\steamapps\common\Lambda Wars\lambdawarsdev\materials
Loading C:\SteamLibrary\steamapps\common\Lambda Wars\lambdawarsdev\mapsrc\sp_ep3\sp_rip_eli.vmf
Could not locate GameData file lambdawars.fgd
fixing up env_cubemap materials on brush sides...
0...1...2...3...4...5...6...7...8...9...100...1...2...3...4...5...6...7...8...9...10Processing areas...done (0)
Building Faces...done (0)
Chop Details...done (0)
Find Visible Detail Sides...done (0)
Merging details...done (0)
FixTjuncs...
PruneNodes...
WriteBSP...
done (0)
writing C:\SteamLibrary\steamapps\common\Lambda Wars\lambdawarsdev\mapsrc\sp_ep3\sp_rip_eli.prt...Building visibility clusters...
done (0)
Finding displacement neighbors...
Finding lightmap sample positions...
Displacement Alpha : 0...1...2...3...4...5...6...7...8...9...10
Building Physics collision data...
done (0) (2645 bytes)
Placing detail props : 0...1...2...3...4...5...6...7...8...9...10
Compacting texture/material tables...
Reduced 7 texinfos to 3
Reduced 3 texdatas to 3 (62 bytes to 62)
Writing C:\SteamLibrary\steamapps\common\Lambda Wars\lambdawarsdev\mapsrc\sp_ep3\sp_rip_eli.bsp
0 seconds elapsed



4 threads
reading c:\steamlibrary\steamapps\common\lambda wars\lambdawarsdev\mapsrc\sp_ep3\sp_rip_eli.bsp
reading c:\steamlibrary\steamapps\common\lambda wars\lambdawarsdev\mapsrc\sp_ep3\sp_rip_eli.prt
   4 portalclusters
   4 numportals
0...1...2...3...4...5...6...7...8...9...10Optimized: 0 visible clusters (0.00%)
Total clusters visible: 16
Average clusters visible: 4
Building PAS...
Average clusters audible: 4
visdatasize:44  compressed from 64
writing c:\steamlibrary\steamapps\common\lambda wars\lambdawarsdev\mapsrc\sp_ep3\sp_rip_eli.bsp
0 seconds elapsed



[Reading texlights from 'lights.rad']
[45 texlights parsed from 'lights.rad']

Loading c:\steamlibrary\steamapps\common\lambda wars\lambdawarsdev\mapsrc\sp_ep3\sp_rip_eli.bsp
25 faces
36408 square feet [5242880.00 square inches]
0 Displacements
0 Square Feet [0.00 Square Inches]
25 patches before subdivision
585 patches after subdivision
2 direct lights
0...1...2...3...4...5...6...7...8...9...100...1...2...3...4...5...6...7...8...9...10transfers 952, max 89
transfer lists:   0.0 megs
0...1...2...3...4...5...6...7...8...9...10	Bounce #1 added RGB(0, 0, 0)
Build Patch/Sample Hash Table(s).....Done<0.0002 sec>
0...1...2...3...4...5...6...7...8...9...10FinalLightFace Done
0 of 0 (0% of) surface lights went in leaf ambient cubes.
0...1...2...3...4...5...6...7...8...9...10Writing leaf ambient...done
Ready to Finish

Object names       Objects/Maxobjs  Memory / Maxmem  Fullness 
------------       ---------------  ---------------  -------- 
models                   1/1024           48/49152    ( 0.1%) 
brushes                  7/8192           84/98304    ( 0.1%) 
brushsides              42/65536         336/524288   ( 0.1%) 
planes                  42/65536         840/1310720  ( 0.1%) 
vertexes                51/65536         612/786432   ( 0.1%) 
nodes                   27/65536         864/2097152  ( 0.0%) 
texinfos                 3/12288         216/884736   ( 0.0%) 
texdata                  3/2048           96/65536    ( 0.1%) 
dispinfos                0/0               0/0        ( 0.0%) 
disp_verts               0/0               0/0        ( 0.0%) 
disp_tris                0/0               0/0        ( 0.0%) 
disp_multiblend          0/0               0/0        ( 0.0%) 
disp_lmsamples           0/0               0/0        ( 0.0%) 
faces                   25/65536        1400/3670016  ( 0.0%) 
hdr faces               25/65536        1400/3670016  ( 0.0%) 
origfaces                7/65536         392/3670016  ( 0.0%) 
leaves                  29/65536         928/2097152  ( 0.0%) 
leaffaces               32/65536          64/131072   ( 0.0%) 
leafbrushes             20/65536          40/131072   ( 0.0%) 
areas                    2/256            16/2048     ( 0.8%) 
surfedges              136/512000        544/2048000  ( 0.0%) 
edges                   89/256000        356/1024000  ( 0.0%) 
LDR worldlights          0/8192            0/819200   ( 0.0%) 
HDR worldlights          2/8192          200/819200   ( 0.0%) 
leafwaterdata            0/32768           0/393216   ( 0.0%) 
waterstrips              0/32768           0/327680   ( 0.0%) 
waterverts               0/65536           0/786432   ( 0.0%) 
waterindices             0/65536           0/131072   ( 0.0%) 
cubemapsamples           0/1024            0/16384    ( 0.0%) 
overlays                 0/512             0/180224   ( 0.0%) 
LDR lightdata         [variable]           0/0        ( 0.0%) 
HDR lightdata         [variable]       18532/0        ( 0.0%) 
visdata               [variable]          44/16777216 ( 0.0%) 
entdata               [variable]        1214/393216   ( 0.3%) 
LDR ambient table       29/65536         116/262144   ( 0.0%) 
HDR ambient table       29/65536         116/262144   ( 0.0%) 
LDR leaf ambient        29/65536         812/1835008  ( 0.0%) 
HDR leaf ambient        64/65536        1792/1835008  ( 0.1%) 
occluders                0/0               0/0        ( 0.0%) 
occluder polygons        0/0               0/0        ( 0.0%) 
occluder vert ind        0/0               0/0        ( 0.0%) 
Prop Hull Verts          0/0               0/0        ( 0.0%) 
Prop Hull Blob           0/0               0/0        ( 0.0%) 
Prop Hull Lists          0/0               0/0        ( 0.0%) 
Prop Hulls               0/0               0/0        ( 0.0%) 
Prop Hull trilist        0/0               0/0        ( 0.0%) 
detail props          [variable]           1/12       ( 8.3%) 
static props          [variable]           1/12       ( 8.3%) 
pakfile               [variable]       74438/0        ( 0.0%) 
physics               [variable]        2645/4194304  ( 0.1%) 
physics terrain       [variable]           2/1048576  ( 0.0%) 

Level flags = 2

Total triangle count: 58
Writing c:\steamlibrary\steamapps\common\lambda wars\lambdawarsdev\mapsrc\sp_ep3\sp_rip_eli.bsp
0 seconds elapsed



materialPath: C:\SteamLibrary\steamapps\common\Lambda Wars\lambdawarsdev\materials
Loading C:\SteamLibrary\steamapps\common\Lambda Wars\lambdawarsdev\mapsrc\sp_ep3\sp_rip_eli.vmf
Could not locate GameData file lambdawars.fgd
fixing up env_cubemap materials on brush sides...
0...1...2...3...4...5...6...7...8...9...100...1...2...3...4...5...6...7...8...9...10Processing areas...done (0)
Building Faces...done (0)
Chop Details...done (0)
Find Visible Detail Sides...done (0)
Merging details...done (0)
FixTjuncs...
PruneNodes...
WriteBSP...
done (0)
writing C:\SteamLibrary\steamapps\common\Lambda Wars\lambdawarsdev\mapsrc\sp_ep3\sp_rip_eli.prt...Building visibility clusters...
done (0)
Finding displacement neighbors...
Finding lightmap sample positions...
Displacement Alpha : 0...1...2...3...4...5...6...7...8...9...10
Building Physics collision data...
done (0) (2645 bytes)
Placing detail props : 0...1...2...3...4...5...6...7...8...9...10
Compacting texture/material tables...
Reduced 7 texinfos to 3
Reduced 3 texdatas to 3 (62 bytes to 62)
Writing C:\SteamLibrary\steamapps\common\Lambda Wars\lambdawarsdev\mapsrc\sp_ep3\sp_rip_eli.bsp
0 seconds elapsed



4 threads
reading c:\steamlibrary\steamapps\common\lambda wars\lambdawarsdev\mapsrc\sp_ep3\sp_rip_eli.bsp
reading c:\steamlibrary\steamapps\common\lambda wars\lambdawarsdev\mapsrc\sp_ep3\sp_rip_eli.prt
   4 portalclusters
   4 numportals
0...1...2...3...4...5...6...7...8...9...10Optimized: 0 visible clusters (0.00%)
Total clusters visible: 16
Average clusters visible: 4
Building PAS...
Average clusters audible: 4
visdatasize:44  compressed from 64
writing c:\steamlibrary\steamapps\common\lambda wars\lambdawarsdev\mapsrc\sp_ep3\sp_rip_eli.bsp
0 seconds elapsed



[Reading texlights from 'lights.rad']
[45 texlights parsed from 'lights.rad']

Loading c:\steamlibrary\steamapps\common\lambda wars\lambdawarsdev\mapsrc\sp_ep3\sp_rip_eli.bsp
25 faces
36408 square feet [5242880.00 square inches]
0 Displacements
0 Square Feet [0.00 Square Inches]
25 patches before subdivision
585 patches after subdivision
2 direct lights
0...1...2...3...4...5...6...7...8...9...100...1...2...3...4...5...6...7...8...9...10transfers 952, max 89
transfer lists:   0.0 megs
0...1...2...3...4...5...6...7...8...9...10	Bounce #1 added RGB(0, 0, 0)
Build Patch/Sample Hash Table(s).....Done<0.0002 sec>
0...1...2...3...4...5...6...7...8...9...10FinalLightFace Done
0 of 0 (0% of) surface lights went in leaf ambient cubes.
0...1...2...3...4...5...6...7...8...9...10Writing leaf ambient...done
Ready to Finish

Object names       Objects/Maxobjs  Memory / Maxmem  Fullness 
------------       ---------------  ---------------  -------- 
models                   1/1024           48/49152    ( 0.1%) 
brushes                  7/8192           84/98304    ( 0.1%) 
brushsides              42/65536         336/524288   ( 0.1%) 
planes                  42/65536         840/1310720  ( 0.1%) 
vertexes                51/65536         612/786432   ( 0.1%) 
nodes                   27/65536         864/2097152  ( 0.0%) 
texinfos                 3/12288         216/884736   ( 0.0%) 
texdata                  3/2048           96/65536    ( 0.1%) 
dispinfos                0/0               0/0        ( 0.0%) 
disp_verts               0/0               0/0        ( 0.0%) 
disp_tris                0/0               0/0        ( 0.0%) 
disp_multiblend          0/0               0/0        ( 0.0%) 
disp_lmsamples           0/0               0/0        ( 0.0%) 
faces                   25/65536        1400/3670016  ( 0.0%) 
hdr faces               25/65536        1400/3670016  ( 0.0%) 
origfaces                7/65536         392/3670016  ( 0.0%) 
leaves                  29/65536         928/2097152  ( 0.0%) 
leaffaces               32/65536          64/131072   ( 0.0%) 
leafbrushes             20/65536          40/131072   ( 0.0%) 
areas                    2/256            16/2048     ( 0.8%) 
surfedges              136/512000        544/2048000  ( 0.0%) 
edges                   89/256000        356/1024000  ( 0.0%) 
LDR worldlights          0/8192            0/819200   ( 0.0%) 
HDR worldlights          2/8192          200/819200   ( 0.0%) 
leafwaterdata            0/32768           0/393216   ( 0.0%) 
waterstrips              0/32768           0/327680   ( 0.0%) 
waterverts               0/65536           0/786432   ( 0.0%) 
waterindices             0/65536           0/131072   ( 0.0%) 
cubemapsamples           0/1024            0/16384    ( 0.0%) 
overlays                 0/512             0/180224   ( 0.0%) 
LDR lightdata         [variable]           0/0        ( 0.0%) 
HDR lightdata         [variable]       18532/0        ( 0.0%) 
visdata               [variable]          44/16777216 ( 0.0%) 
entdata               [variable]        1491/393216   ( 0.4%) 
LDR ambient table       29/65536         116/262144   ( 0.0%) 
HDR ambient table       29/65536         116/262144   ( 0.0%) 
LDR leaf ambient        29/65536         812/1835008  ( 0.0%) 
HDR leaf ambient        64/65536        1792/1835008  ( 0.1%) 
occluders                0/0               0/0        ( 0.0%) 
occluder polygons        0/0               0/0        ( 0.0%) 
occluder vert ind        0/0               0/0        ( 0.0%) 
Prop Hull Verts          0/0               0/0        ( 0.0%) 
Prop Hull Blob           0/0               0/0        ( 0.0%) 
Prop Hull Lists          0/0               0/0        ( 0.0%) 
Prop Hulls               0/0               0/0        ( 0.0%) 
Prop Hull trilist        0/0               0/0        ( 0.0%) 
detail props          [variable]           1/12       ( 8.3%) 
static props          [variable]           1/12       ( 8.3%) 
pakfile               [variable]       74438/0        ( 0.0%) 
physics               [variable]        2645/4194304  ( 0.1%) 
physics terrain       [variable]           2/1048576  ( 0.0%) 

Level flags = 2

Total triangle count: 58
Writing c:\steamlibrary\steamapps\common\lambda wars\lambdawarsdev\mapsrc\sp_ep3\sp_rip_eli.bsp
0 seconds elapsed



materialPath: C:\SteamLibrary\steamapps\common\Lambda Wars\lambdawarsdev\materials
Loading C:\SteamLibrary\steamapps\common\Lambda Wars\lambdawarsdev\mapsrc\sp_ep3\sp_rip_eli.vmf
Could not locate GameData file lambdawars.fgd
fixing up env_cubemap materials on brush sides...
0...1...2...3...4...5...6...7...8...9...100...1...2...3...4...5...6...7...8...9...10Processing areas...done (0)
Building Faces...done (0)
Chop Details...done (0)
Find Visible Detail Sides...done (0)
Merging details...done (0)
FixTjuncs...
PruneNodes...
WriteBSP...
done (0)
writing C:\SteamLibrary\steamapps\common\Lambda Wars\lambdawarsdev\mapsrc\sp_ep3\sp_rip_eli.prt...Building visibility clusters...
done (0)
Finding displacement neighbors...
Finding lightmap sample positions...
Displacement Alpha : 0...1...2...3...4...5...6...7...8...9...10
Building Physics collision data...
done (0) (2645 bytes)
Placing detail props : 0...1...2...3...4...5...6...7...8...9...10
Compacting texture/material tables...
Reduced 7 texinfos to 3
Reduced 3 texdatas to 3 (62 bytes to 62)
Writing C:\SteamLibrary\steamapps\common\Lambda Wars\lambdawarsdev\mapsrc\sp_ep3\sp_rip_eli.bsp
0 seconds elapsed



4 threads
reading c:\steamlibrary\steamapps\common\lambda wars\lambdawarsdev\mapsrc\sp_ep3\sp_rip_eli.bsp
reading c:\steamlibrary\steamapps\common\lambda wars\lambdawarsdev\mapsrc\sp_ep3\sp_rip_eli.prt
   4 portalclusters
   4 numportals
0...1...2...3...4...5...6...7...8...9...10Optimized: 0 visible clusters (0.00%)
Total clusters visible: 16
Average clusters visible: 4
Building PAS...
Average clusters audible: 4
visdatasize:44  compressed from 64
writing c:\steamlibrary\steamapps\common\lambda wars\lambdawarsdev\mapsrc\sp_ep3\sp_rip_eli.bsp
0 seconds elapsed



[Reading texlights from 'lights.rad']
[45 texlights parsed from 'lights.rad']

Loading c:\steamlibrary\steamapps\common\lambda wars\lambdawarsdev\mapsrc\sp_ep3\sp_rip_eli.bsp
25 faces
36408 square feet [5242880.00 square inches]
0 Displacements
0 Square Feet [0.00 Square Inches]
25 patches before subdivision
585 patches after subdivision
2 direct lights
0...1...2...3...4...5...6...7...8...9...100...1...2...3...4...5...6...7...8...9...10transfers 952, max 89
transfer lists:   0.0 megs
0...1...2...3...4...5...6...7...8...9...10	Bounce #1 added RGB(0, 0, 0)
Build Patch/Sample Hash Table(s).....Done<0.0002 sec>
0...1...2...3...4...5...6...7...8...9...10FinalLightFace Done
0 of 0 (0% of) surface lights went in leaf ambient cubes.
0...1...2...3...4...5...6...7...8...9...10Writing leaf ambient...done
Ready to Finish

Object names       Objects/Maxobjs  Memory / Maxmem  Fullness 
------------       ---------------  ---------------  -------- 
models                   1/1024           48/49152    ( 0.1%) 
brushes                  7/8192           84/98304    ( 0.1%) 
brushsides              42/65536         336/524288   ( 0.1%) 
planes                  42/65536         840/1310720  ( 0.1%) 
vertexes                51/65536         612/786432   ( 0.1%) 
nodes                   27/65536         864/2097152  ( 0.0%) 
texinfos                 3/12288         216/884736   ( 0.0%) 
texdata                  3/2048           96/65536    ( 0.1%) 
dispinfos                0/0               0/0        ( 0.0%) 
disp_verts               0/0               0/0        ( 0.0%) 
disp_tris                0/0               0/0        ( 0.0%) 
disp_multiblend          0/0               0/0        ( 0.0%) 
disp_lmsamples           0/0               0/0        ( 0.0%) 
faces                   25/65536        1400/3670016  ( 0.0%) 
hdr faces               25/65536        1400/3670016  ( 0.0%) 
origfaces                7/65536         392/3670016  ( 0.0%) 
leaves                  29/65536         928/2097152  ( 0.0%) 
leaffaces               32/65536          64/131072   ( 0.0%) 
leafbrushes             20/65536          40/131072   ( 0.0%) 
areas                    2/256            16/2048     ( 0.8%) 
surfedges              136/512000        544/2048000  ( 0.0%) 
edges                   89/256000        356/1024000  ( 0.0%) 
LDR worldlights          0/8192            0/819200   ( 0.0%) 
HDR worldlights          2/8192          200/819200   ( 0.0%) 
leafwaterdata            0/32768           0/393216   ( 0.0%) 
waterstrips              0/32768           0/327680   ( 0.0%) 
waterverts               0/65536           0/786432   ( 0.0%) 
waterindices             0/65536           0/131072   ( 0.0%) 
cubemapsamples           0/1024            0/16384    ( 0.0%) 
overlays                 0/512             0/180224   ( 0.0%) 
LDR lightdata         [variable]           0/0        ( 0.0%) 
HDR lightdata         [variable]       18532/0        ( 0.0%) 
visdata               [variable]          44/16777216 ( 0.0%) 
entdata               [variable]        1491/393216   ( 0.4%) 
LDR ambient table       29/65536         116/262144   ( 0.0%) 
HDR ambient table       29/65536         116/262144   ( 0.0%) 
LDR leaf ambient        29/65536         812/1835008  ( 0.0%) 
HDR leaf ambient        64/65536        1792/1835008  ( 0.1%) 
occluders                0/0               0/0        ( 0.0%) 
occluder polygons        0/0               0/0        ( 0.0%) 
occluder vert ind        0/0               0/0        ( 0.0%) 
Prop Hull Verts          0/0               0/0        ( 0.0%) 
Prop Hull Blob           0/0               0/0        ( 0.0%) 
Prop Hull Lists          0/0               0/0        ( 0.0%) 
Prop Hulls               0/0               0/0        ( 0.0%) 
Prop Hull trilist        0/0               0/0        ( 0.0%) 
detail props          [variable]           1/12       ( 8.3%) 
static props          [variable]           1/12       ( 8.3%) 
pakfile               [variable]       74438/0        ( 0.0%) 
physics               [variable]        2645/4194304  ( 0.1%) 
physics terrain       [variable]           2/1048576  ( 0.0%) 

Level flags = 2

Total triangle count: 58
Writing c:\steamlibrary\steamapps\common\lambda wars\lambdawarsdev\mapsrc\sp_ep3\sp_rip_eli.bsp
0 seconds elapsed



materialPath: C:\SteamLibrary\steamapps\common\Lambda Wars\lambdawarsdev\materials
Loading C:\SteamLibrary\steamapps\common\Lambda Wars\lambdawarsdev\mapsrc\sp_ep3\sp_rip_eli.vmf
Could not locate GameData file lambdawars.fgd
fixing up env_cubemap materials on brush sides...
0...1...2...3...4...5...6...7...8...9...10**** leaked ****
Entity prop_ragdoll (1304.00 -124.00 60.00) leaked!
Processing areas...done (0)
Building Faces...done (0)
FixTjuncs...
PruneNodes...
WriteBSP...
done (0)
Finding displacement neighbors...
Finding lightmap sample positions...
Displacement Alpha : 0...1...2...3...4...5...6...7...8...9...10
Building Physics collision data...
done (0) (2288 bytes)
Error! To use model "models/props_junk/shovel01a_large.mdl"
      with prop_static, it must be compiled with $staticprop!
Error loading studio model "models/props_junk/shovel01a_large.mdl"!
Static prop models/props_c17/gravestone001a.mdl outside the map (1216.00, -128.00, 109.08)
Placing detail props : 0...1...2...3...4...5...6...7...8...9...10
Compacting texture/material tables...
Reduced 9 texinfos to 4
Reduced 3 texdatas to 2 (61 bytes to 43)
Writing C:\SteamLibrary\steamapps\common\Lambda Wars\lambdawarsdev\mapsrc\sp_ep3\sp_rip_eli.bsp
0 seconds elapsed



4 threads
reading c:\steamlibrary\steamapps\common\lambda wars\lambdawarsdev\mapsrc\sp_ep3\sp_rip_eli.bsp
reading c:\steamlibrary\steamapps\common\lambda wars\lambdawarsdev\mapsrc\sp_ep3\sp_rip_eli.prt
LoadPortals: couldn't read c:\steamlibrary\steamapps\common\lambda wars\lambdawarsdev\mapsrc\sp_ep3\sp_rip_eli.prt



materialPath: C:\SteamLibrary\steamapps\common\Lambda Wars\lambdawarsdev\materials
Loading C:\SteamLibrary\steamapps\common\Lambda Wars\lambdawarsdev\mapsrc\sp_ep3\sp_rip_eli.vmf
Could not locate GameData file lambdawars.fgd
fixing up env_cubemap materials on brush sides...
0...1...2...3...4...5...6...7...8...9...100...1...2...3...4...5...6...7...8...9...10Processing areas...done (0)
Building Faces...done (0)
FixTjuncs...
PruneNodes...
WriteBSP...
done (0)
writing C:\SteamLibrary\steamapps\common\Lambda Wars\lambdawarsdev\mapsrc\sp_ep3\sp_rip_eli.prt...Building visibility clusters...
done (0)
Finding displacement neighbors...
Finding lightmap sample positions...
Displacement Alpha : 0...1...2...3...4...5...6...7...8...9...10
Building Physics collision data...
done (0) (2288 bytes)
Error! To use model "models/props_junk/shovel01a_large.mdl"
      with prop_static, it must be compiled with $staticprop!
Error loading studio model "models/props_junk/shovel01a_large.mdl"!
Placing detail props : 0...1...2...3...4...5...6...7...8...9...10
Compacting texture/material tables...
Reduced 9 texinfos to 4
Reduced 3 texdatas to 2 (61 bytes to 43)
Writing C:\SteamLibrary\steamapps\common\Lambda Wars\lambdawarsdev\mapsrc\sp_ep3\sp_rip_eli.bsp
0 seconds elapsed



4 threads
reading c:\steamlibrary\steamapps\common\lambda wars\lambdawarsdev\mapsrc\sp_ep3\sp_rip_eli.bsp
reading c:\steamlibrary\steamapps\common\lambda wars\lambdawarsdev\mapsrc\sp_ep3\sp_rip_eli.prt
   6 portalclusters
   7 numportals
0...1...2...3...4...5...6...7...8...9...10Optimized: 0 visible clusters (0.00%)
Total clusters visible: 36
Average clusters visible: 6
Building PAS...
Average clusters audible: 6
visdatasize:64  compressed from 96
writing c:\steamlibrary\steamapps\common\lambda wars\lambdawarsdev\mapsrc\sp_ep3\sp_rip_eli.bsp
0 seconds elapsed



[Reading texlights from 'lights.rad']
[45 texlights parsed from 'lights.rad']

Loading c:\steamlibrary\steamapps\common\lambda wars\lambdawarsdev\mapsrc\sp_ep3\sp_rip_eli.bsp
30 faces
50972 square feet [7340032.00 square inches]
8 Displacements
7623 Square Feet [1097728.00 Square Inches]
30 patches before subdivision
430 patches after subdivision
2 direct lights
0...1...2...3...4...5...6...7...8...9...100...1...2...3...4...5...6...7...8...9...10transfers 741, max 82
transfer lists:   0.0 megs
0...1...2...3...4...5...6...7...8...9...10	Bounce #1 added RGB(0, 0, 0)
Build Patch/Sample Hash Table(s).....Done<0.0003 sec>
0...1...2...3...4...5...6...7...8...9...10FinalLightFace Done
0 of 0 (0% of) surface lights went in leaf ambient cubes.
0...1...2...3...4...5...6...7...8...9...10Writing leaf ambient...done
Computing static prop lighting : 00...1...2...3...4...5...6...7...8...9...10
Ready to Finish

Object names       Objects/Maxobjs  Memory / Maxmem  Fullness 
------------       ---------------  ---------------  -------- 
models                   1/1024           48/49152    ( 0.1%) 
brushes                  6/8192           72/98304    ( 0.1%) 
brushsides              36/65536         288/524288   ( 0.1%) 
planes                  62/65536        1240/1310720  ( 0.1%) 
vertexes                59/65536         708/786432   ( 0.1%) 
nodes                   37/65536        1184/2097152  ( 0.1%) 
texinfos                 4/12288         288/884736   ( 0.0%) 
texdata                  2/2048           64/65536    ( 0.1%) 
dispinfos                8/0            1408/0        ( 0.0%) 
disp_verts             648/0           12960/0        ( 0.0%) 
disp_tris             1024/0            2048/0        ( 0.0%) 
disp_multiblend          0/0               0/0        ( 0.0%) 
disp_lmsamples       20160/0           20160/0        ( 0.0%) 
faces                   30/65536        1680/3670016  ( 0.0%) 
hdr faces               30/65536        1680/3670016  ( 0.0%) 
origfaces               14/65536         784/3670016  ( 0.0%) 
leaves                  39/65536        1248/2097152  ( 0.1%) 
leaffaces               22/65536          44/131072   ( 0.0%) 
leafbrushes             22/65536          44/131072   ( 0.0%) 
areas                    2/256            16/2048     ( 0.8%) 
surfedges              176/512000        704/2048000  ( 0.0%) 
edges                  117/256000        468/1024000  ( 0.0%) 
LDR worldlights          0/8192            0/819200   ( 0.0%) 
HDR worldlights          2/8192          200/819200   ( 0.0%) 
leafwaterdata            0/32768           0/393216   ( 0.0%) 
waterstrips              0/32768           0/327680   ( 0.0%) 
waterverts               0/65536           0/786432   ( 0.0%) 
waterindices             0/65536           0/131072   ( 0.0%) 
cubemapsamples           0/1024            0/16384    ( 0.0%) 
overlays                 0/512             0/180224   ( 0.0%) 
LDR lightdata         [variable]           0/0        ( 0.0%) 
HDR lightdata         [variable]       20192/0        ( 0.0%) 
visdata               [variable]          64/16777216 ( 0.0%) 
entdata               [variable]        1733/393216   ( 0.4%) 
LDR ambient table       39/65536         156/262144   ( 0.1%) 
HDR ambient table       39/65536         156/262144   ( 0.1%) 
LDR leaf ambient        39/65536        1092/1835008  ( 0.1%) 
HDR leaf ambient        85/65536        2380/1835008  ( 0.1%) 
occluders                0/0               0/0        ( 0.0%) 
occluder polygons        0/0               0/0        ( 0.0%) 
occluder vert ind        0/0               0/0        ( 0.0%) 
Prop Hull Verts          0/0               0/0        ( 0.0%) 
Prop Hull Blob           0/0               0/0        ( 0.0%) 
Prop Hull Lists          0/0               0/0        ( 0.0%) 
Prop Hulls               0/0               0/0        ( 0.0%) 
Prop Hull trilist        0/0               0/0        ( 0.0%) 
detail props          [variable]           1/12       ( 8.3%) 
static props          [variable]           1/362      ( 0.3%) 
pakfile               [variable]       80882/0        ( 0.0%) 
physics               [variable]        2288/4194304  ( 0.1%) 
physics terrain       [variable]         622/1048576  ( 0.1%) 

Level flags = 2

Total triangle count: 60
Writing c:\steamlibrary\steamapps\common\lambda wars\lambdawarsdev\mapsrc\sp_ep3\sp_rip_eli.bsp
0 seconds elapsed
