PRT1
154
283
4 0 2 (12262.401367 3072 1107.199951 ) (11264 3072 1107.199951 ) (11264 3072 -147.199997 ) (12262.401367 3072 -147.199997 ) 
4 0 1 (11264 3114.669922 -147.199997 ) (11264 3072 -147.199997 ) (11264 3072 1107.199951 ) (11264 3114.669922 1107.199951 ) 
4 1 10 (10240 3072 -147.199997 ) (10240 3072 1107.199951 ) (10240 3114.669922 1107.199951 ) (10240 3114.669922 -147.199997 ) 
4 1 3 (10240 3072 1107.199951 ) (10240 3072 -147.199997 ) (11264 3072 -147.199997 ) (11264 3072 1107.199951 ) 
4 2 4 (12262.401367 2048 1107.199951 ) (11264 2048 1107.199951 ) (11264 2048 -147.199997 ) (12262.401367 2048 -147.199997 ) 
4 2 3 (11264 3072 1107.199951 ) (11264 3072 -147.199997 ) (11264 2048 -147.199997 ) (11264 2048 1107.199951 ) 
4 3 12 (10240 2048 -147.199997 ) (10240 2048 1107.199951 ) (10240 3072 1107.199951 ) (10240 3072 -147.199997 ) 
4 3 5 (11264 2048 -147.199997 ) (11264 2048 1107.199951 ) (10240 2048 1107.199951 ) (10240 2048 -147.199997 ) 
4 4 6 (12262.401367 1024 1107.199951 ) (11264 1024 1107.199951 ) (11264 1024 -147.199997 ) (12262.401367 1024 -147.199997 ) 
4 4 5 (11264 2048 1107.199951 ) (11264 2048 -147.199997 ) (11264 1024 -147.199997 ) (11264 1024 1107.199951 ) 
4 5 18 (10240 1024 -147.199997 ) (10240 1024 1107.199951 ) (10240 2048 1107.199951 ) (10240 2048 -147.199997 ) 
4 5 7 (11264 1024 -147.199997 ) (11264 1024 1107.199951 ) (10240 1024 1107.199951 ) (10240 1024 -147.199997 ) 
4 6 8 (12262.401367 0 1107.199951 ) (11264 0 1107.199951 ) (11264 0 -147.199997 ) (12262.401367 0 -147.199997 ) 
4 6 7 (11264 0 -147.199997 ) (11264 0 1107.199951 ) (11264 1024 1107.199951 ) (11264 1024 -147.199997 ) 
4 7 20 (10240 0 -147.199997 ) (10240 0 1107.199951 ) (10240 1024 1107.199951 ) (10240 1024 -147.199997 ) 
4 7 9 (10240 0 1107.199951 ) (10240 0 -147.199997 ) (11264 0 -147.199997 ) (11264 0 1107.199951 ) 
4 8 30 (12262.401367 -1024 1107.199951 ) (11264 -1024 1107.199951 ) (11264 -1024 -147.199997 ) (12262.401367 -1024 -147.199997 ) 
4 8 9 (11264 0 1107.199951 ) (11264 0 -147.199997 ) (11264 -1024 -147.199997 ) (11264 -1024 1107.199951 ) 
4 9 31 (11264 -1024 -147.199997 ) (11264 -1024 1107.199951 ) (10240 -1024 1107.199951 ) (10240 -1024 -147.199997 ) 
4 9 22 (10240 -1024 -147.199997 ) (10240 -1024 1107.199951 ) (10240 0 1107.199951 ) (10240 0 -147.199997 ) 
4 10 12 (10240 3072 -147.199997 ) (10240 3072 1107.199951 ) (9216 3072 1107.199951 ) (9216 3072 -147.199997 ) 
4 10 11 (9216 3114.669922 -147.199997 ) (9216 3072 -147.199997 ) (9216 3072 1107.199951 ) (9216 3114.669922 1107.199951 ) 
4 11 14 (8192 3072 -147.199997 ) (8192 3072 1107.199951 ) (8192 3114.669922 1107.199951 ) (8192 3114.669922 -147.199997 ) 
4 11 13 (8192 3072 1107.199951 ) (8192 3072 -147.199997 ) (9216 3072 -147.199997 ) (9216 3072 1107.199951 ) 
4 12 18 (10240 2048 -147.199997 ) (10240 2048 1107.199951 ) (9216 2048 1107.199951 ) (9216 2048 -147.199997 ) 
4 12 13 (9216 3072 1107.199951 ) (9216 3072 -147.199997 ) (9216 2048 -147.199997 ) (9216 2048 1107.199951 ) 
4 13 19 (9216 2048 -147.199997 ) (9216 2048 1107.199951 ) (8192 2048 1107.199951 ) (8192 2048 -147.199997 ) 
4 13 16 (8192 2048 -147.199997 ) (8192 2048 1107.199951 ) (8192 3072 1107.199951 ) (8192 3072 -147.199997 ) 
4 14 16 (8192 3072 -147.199997 ) (8192 3072 1107.199951 ) (7168 3072 1107.199951 ) (7168 3072 -147.199997 ) 
4 14 15 (7168 3114.669922 -147.199997 ) (7168 3072 -147.199997 ) (7168 3072 1107.199951 ) (7168 3114.669922 1107.199951 ) 
4 15 66 (6144 3072 -147.199997 ) (6144 3072 1107.199951 ) (6144 3114.669922 1107.199951 ) (6144 3114.669922 -147.199997 ) 
4 15 17 (6144 3072 1107.199951 ) (6144 3072 -147.199997 ) (7168 3072 -147.199997 ) (7168 3072 1107.199951 ) 
4 16 24 (8192 2048 -147.199997 ) (8192 2048 1107.199951 ) (7168 2048 1107.199951 ) (7168 2048 -147.199997 ) 
4 16 17 (7168 3072 1107.199951 ) (7168 3072 -147.199997 ) (7168 2048 -147.199997 ) (7168 2048 1107.199951 ) 
4 17 68 (6144 2048 -147.199997 ) (6144 2048 1107.199951 ) (6144 3072 1107.199951 ) (6144 3072 -147.199997 ) 
4 17 25 (7168 2048 -147.199997 ) (7168 2048 1107.199951 ) (6144 2048 1107.199951 ) (6144 2048 -147.199997 ) 
4 18 20 (10240 1024 -147.199997 ) (10240 1024 1107.199951 ) (9216 1024 1107.199951 ) (9216 1024 -147.199997 ) 
4 18 19 (9216 2048 1107.199951 ) (9216 2048 -147.199997 ) (9216 1024 -147.199997 ) (9216 1024 1107.199951 ) 
4 19 24 (8192 2048 1107.199951 ) (8192 2048 -147.199997 ) (8192 1024 -147.199997 ) (8192 1024 1107.199951 ) 
4 19 21 (9216 1024 -147.199997 ) (9216 1024 1107.199951 ) (8192 1024 1107.199951 ) (8192 1024 -147.199997 ) 
4 20 22 (10240 0 -147.199997 ) (10240 0 1107.199951 ) (9216 0 1107.199951 ) (9216 0 -147.199997 ) 
4 20 21 (9216 0 -147.199997 ) (9216 0 1107.199951 ) (9216 1024 1107.199951 ) (9216 1024 -147.199997 ) 
4 21 26 (8192 0 -147.199997 ) (8192 0 1107.199951 ) (8192 1024 1107.199951 ) (8192 1024 -147.199997 ) 
4 21 23 (8192 0 1107.199951 ) (8192 0 -147.199997 ) (9216 0 -147.199997 ) (9216 0 1107.199951 ) 
4 22 42 (10240 -1024 -147.199997 ) (10240 -1024 1107.199951 ) (9216 -1024 1107.199951 ) (9216 -1024 -147.199997 ) 
4 22 23 (9216 0 1107.199951 ) (9216 0 -147.199997 ) (9216 -1024 -147.199997 ) (9216 -1024 1107.199951 ) 
4 23 43 (9216 -1024 -147.199997 ) (9216 -1024 1107.199951 ) (8192 -1024 1107.199951 ) (8192 -1024 -147.199997 ) 
4 23 28 (8192 -1024 -147.199997 ) (8192 -1024 1107.199951 ) (8192 0 1107.199951 ) (8192 0 -147.199997 ) 
4 24 26 (8192 1024 -147.199997 ) (8192 1024 1107.199951 ) (7168 1024 1107.199951 ) (7168 1024 -147.199997 ) 
4 24 25 (7168 2048 1107.199951 ) (7168 2048 -147.199997 ) (7168 1024 -147.199997 ) (7168 1024 1107.199951 ) 
4 25 74 (6144 1024 -147.199997 ) (6144 1024 1107.199951 ) (6144 2048 1107.199951 ) (6144 2048 -147.199997 ) 
4 25 27 (7168 1024 -147.199997 ) (7168 1024 1107.199951 ) (6144 1024 1107.199951 ) (6144 1024 -147.199997 ) 
4 26 28 (8192 0 -147.199997 ) (8192 0 1107.199951 ) (7168 0 1107.199951 ) (7168 0 -147.199997 ) 
4 26 27 (7168 0 -147.199997 ) (7168 0 1107.199951 ) (7168 1024 1107.199951 ) (7168 1024 -147.199997 ) 
4 27 76 (6144 0 -147.199997 ) (6144 0 1107.199951 ) (6144 1024 1107.199951 ) (6144 1024 -147.199997 ) 
4 27 29 (6144 0 1107.199951 ) (6144 0 -147.199997 ) (7168 0 -147.199997 ) (7168 0 1107.199951 ) 
4 28 48 (8192 -1024 -147.199997 ) (8192 -1024 1107.199951 ) (7168 -1024 1107.199951 ) (7168 -1024 -147.199997 ) 
4 28 29 (7168 0 1107.199951 ) (7168 0 -147.199997 ) (7168 -1024 -147.199997 ) (7168 -1024 1107.199951 ) 
4 29 78 (6144 -1024 -147.199997 ) (6144 -1024 1107.199951 ) (6144 0 1107.199951 ) (6144 0 -147.199997 ) 
4 29 49 (7168 -1024 -147.199997 ) (7168 -1024 1107.199951 ) (6144 -1024 1107.199951 ) (6144 -1024 -147.199997 ) 
4 30 32 (12262.401367 -2048 1107.199951 ) (11264 -2048 1107.199951 ) (11264 -2048 -147.199997 ) (12262.401367 -2048 -147.199997 ) 
4 30 31 (11264 -1024 1107.199951 ) (11264 -1024 -147.199997 ) (11264 -2048 -147.199997 ) (11264 -2048 1107.199951 ) 
4 31 42 (10240 -1024 1107.199951 ) (10240 -1024 -147.199997 ) (10240 -2048 -147.199997 ) (10240 -2048 1107.199951 ) 
4 31 33 (11264 -2048 -147.199997 ) (11264 -2048 1107.199951 ) (10240 -2048 1107.199951 ) (10240 -2048 -147.199997 ) 
4 32 34 (12262.401367 -3072 1107.199951 ) (11264 -3072 1107.199951 ) (11264 -3072 -147.199997 ) (12262.401367 -3072 -147.199997 ) 
4 32 33 (11264 -3072 -147.199997 ) (11264 -3072 1107.199951 ) (11264 -2048 1107.199951 ) (11264 -2048 -147.199997 ) 
4 33 44 (10240 -3072 -147.199997 ) (10240 -3072 1107.199951 ) (10240 -2048 1107.199951 ) (10240 -2048 -147.199997 ) 
4 33 35 (10240 -3072 1107.199951 ) (10240 -3072 -147.199997 ) (11264 -3072 -147.199997 ) (11264 -3072 1107.199951 ) 
4 34 36 (12262.401367 -4096 1107.199951 ) (11264 -4096 1107.199951 ) (11264 -4096 -147.199997 ) (12262.401367 -4096 -147.199997 ) 
4 34 35 (11264 -3072 1107.199951 ) (11264 -3072 -147.199997 ) (11264 -4096 -147.199997 ) (11264 -4096 1107.199951 ) 
4 35 46 (10240 -4096 -147.199997 ) (10240 -4096 1107.199951 ) (10240 -3072 1107.199951 ) (10240 -3072 -147.199997 ) 
4 35 37 (11264 -4096 -147.199997 ) (11264 -4096 1107.199951 ) (10240 -4096 1107.199951 ) (10240 -4096 -147.199997 ) 
4 36 38 (12262.401367 -5120 1107.199951 ) (11264 -5120 1107.199951 ) (11264 -5120 -147.199997 ) (12262.401367 -5120 -147.199997 ) 
4 36 37 (11264 -5120 -147.199997 ) (11264 -5120 1107.199951 ) (11264 -4096 1107.199951 ) (11264 -4096 -147.199997 ) 
4 37 54 (10240 -5120 -147.199997 ) (10240 -5120 1107.199951 ) (10240 -4096 1107.199951 ) (10240 -4096 -147.199997 ) 
4 37 39 (10240 -5120 1107.199951 ) (10240 -5120 -147.199997 ) (11264 -5120 -147.199997 ) (11264 -5120 1107.199951 ) 
4 38 40 (12262.401367 -6144 1107.199951 ) (11264 -6144 1107.199951 ) (11264 -6144 -147.199997 ) (12262.401367 -6144 -147.199997 ) 
4 38 39 (11264 -5120 1107.199951 ) (11264 -5120 -147.199997 ) (11264 -6144 -147.199997 ) (11264 -6144 1107.199951 ) 
4 39 56 (10240 -6144 -147.199997 ) (10240 -6144 1107.199951 ) (10240 -5120 1107.199951 ) (10240 -5120 -147.199997 ) 
4 39 41 (10240 -6144 1107.199951 ) (10240 -6144 -147.199997 ) (11264 -6144 -147.199997 ) (11264 -6144 1107.199951 ) 
4 40 41 (11264 -6144 1107.199951 ) (11264 -6144 -147.199997 ) (11264 -6698.669922 -147.199997 ) (11264 -6698.669922 1107.199951 ) 
4 41 62 (10240 -6698.669922 1107.199951 ) (10240 -6144 1107.199951 ) (10240 -6144 -147.199997 ) (10240 -6698.669922 -147.199997 ) 
4 42 44 (10240 -2048 -147.199997 ) (10240 -2048 1107.199951 ) (9216 -2048 1107.199951 ) (9216 -2048 -147.199997 ) 
4 42 43 (9216 -1024 1107.199951 ) (9216 -1024 -147.199997 ) (9216 -2048 -147.199997 ) (9216 -2048 1107.199951 ) 
4 43 48 (8192 -1024 1107.199951 ) (8192 -1024 -147.199997 ) (8192 -2048 -147.199997 ) (8192 -2048 1107.199951 ) 
4 43 45 (9216 -2048 -147.199997 ) (9216 -2048 1107.199951 ) (8192 -2048 1107.199951 ) (8192 -2048 -147.199997 ) 
4 44 46 (10240 -3072 -147.199997 ) (10240 -3072 1107.199951 ) (9216 -3072 1107.199951 ) (9216 -3072 -147.199997 ) 
4 44 45 (9216 -3072 -147.199997 ) (9216 -3072 1107.199951 ) (9216 -2048 1107.199951 ) (9216 -2048 -147.199997 ) 
4 45 50 (8192 -3072 -147.199997 ) (8192 -3072 1107.199951 ) (8192 -2048 1107.199951 ) (8192 -2048 -147.199997 ) 
4 45 47 (8192 -3072 1107.199951 ) (8192 -3072 -147.199997 ) (9216 -3072 -147.199997 ) (9216 -3072 1107.199951 ) 
4 46 54 (10240 -4096 -147.199997 ) (10240 -4096 1107.199951 ) (9216 -4096 1107.199951 ) (9216 -4096 -147.199997 ) 
4 46 47 (9216 -3072 1107.199951 ) (9216 -3072 -147.199997 ) (9216 -4096 -147.199997 ) (9216 -4096 1107.199951 ) 
4 47 55 (9216 -4096 -147.199997 ) (9216 -4096 1107.199951 ) (8192 -4096 1107.199951 ) (8192 -4096 -147.199997 ) 
4 47 52 (8192 -4096 -147.199997 ) (8192 -4096 1107.199951 ) (8192 -3072 1107.199951 ) (8192 -3072 -147.199997 ) 
4 48 50 (8192 -2048 -147.199997 ) (8192 -2048 1107.199951 ) (7168 -2048 1107.199951 ) (7168 -2048 -147.199997 ) 
4 48 49 (7168 -1024 1107.199951 ) (7168 -1024 -147.199997 ) (7168 -2048 -147.199997 ) (7168 -2048 1107.199951 ) 
4 49 106 (6144 -2048 -147.199997 ) (6144 -2048 1107.199951 ) (6144 -1024 1107.199951 ) (6144 -1024 -147.199997 ) 
4 49 51 (7168 -2048 -147.199997 ) (7168 -2048 1107.199951 ) (6144 -2048 1107.199951 ) (6144 -2048 -147.199997 ) 
4 50 52 (8192 -3072 -147.199997 ) (8192 -3072 1107.199951 ) (7168 -3072 1107.199951 ) (7168 -3072 -147.199997 ) 
4 50 51 (7168 -3072 -147.199997 ) (7168 -3072 1107.199951 ) (7168 -2048 1107.199951 ) (7168 -2048 -147.199997 ) 
4 51 108 (6144 -3072 -147.199997 ) (6144 -3072 1107.199951 ) (6144 -2048 1107.199951 ) (6144 -2048 -147.199997 ) 
4 51 53 (6144 -3072 1107.199951 ) (6144 -3072 -147.199997 ) (7168 -3072 -147.199997 ) (7168 -3072 1107.199951 ) 
4 52 58 (8192 -4096 -147.199997 ) (8192 -4096 1107.199951 ) (7168 -4096 1107.199951 ) (7168 -4096 -147.199997 ) 
4 52 53 (7168 -3072 1107.199951 ) (7168 -3072 -147.199997 ) (7168 -4096 -147.199997 ) (7168 -4096 1107.199951 ) 
4 53 110 (6144 -4096 -147.199997 ) (6144 -4096 1107.199951 ) (6144 -3072 1107.199951 ) (6144 -3072 -147.199997 ) 
4 53 59 (7168 -4096 -147.199997 ) (7168 -4096 1107.199951 ) (6144 -4096 1107.199951 ) (6144 -4096 -147.199997 ) 
4 54 56 (10240 -5120 -147.199997 ) (10240 -5120 1107.199951 ) (9216 -5120 1107.199951 ) (9216 -5120 -147.199997 ) 
4 54 55 (9216 -5120 -147.199997 ) (9216 -5120 1107.199951 ) (9216 -4096 1107.199951 ) (9216 -4096 -147.199997 ) 
4 55 58 (8192 -5120 -147.199997 ) (8192 -5120 1107.199951 ) (8192 -4096 1107.199951 ) (8192 -4096 -147.199997 ) 
4 55 57 (9216 -5120 -147.199997 ) (9216 -5120 1107.199951 ) (8192 -5120 1107.199951 ) (8192 -5120 -147.199997 ) 
4 56 62 (10240 -6144 -147.199997 ) (10240 -6144 1107.199951 ) (9216 -6144 1107.199951 ) (9216 -6144 -147.199997 ) 
4 56 57 (9216 -5120 1107.199951 ) (9216 -5120 -147.199997 ) (9216 -6144 -147.199997 ) (9216 -6144 1107.199951 ) 
4 57 63 (9216 -6144 -147.199997 ) (9216 -6144 1107.199951 ) (8192 -6144 1107.199951 ) (8192 -6144 -147.199997 ) 
4 57 60 (8192 -6144 -147.199997 ) (8192 -6144 1107.199951 ) (8192 -5120 1107.199951 ) (8192 -5120 -147.199997 ) 
4 58 60 (8192 -5120 -147.199997 ) (8192 -5120 1107.199951 ) (7168 -5120 1107.199951 ) (7168 -5120 -147.199997 ) 
4 58 59 (7168 -5120 -147.199997 ) (7168 -5120 1107.199951 ) (7168 -4096 1107.199951 ) (7168 -4096 -147.199997 ) 
4 59 118 (6144 -5120 -147.199997 ) (6144 -5120 1107.199951 ) (6144 -4096 1107.199951 ) (6144 -4096 -147.199997 ) 
4 59 61 (6144 -5120 1107.199951 ) (6144 -5120 -147.199997 ) (7168 -5120 -147.199997 ) (7168 -5120 1107.199951 ) 
4 60 64 (8192 -6144 -147.199997 ) (8192 -6144 1107.199951 ) (7168 -6144 1107.199951 ) (7168 -6144 -147.199997 ) 
4 60 61 (7168 -5120 1107.199951 ) (7168 -5120 -147.199997 ) (7168 -6144 -147.199997 ) (7168 -6144 1107.199951 ) 
4 61 120 (6144 -6144 -147.199997 ) (6144 -6144 1107.199951 ) (6144 -5120 1107.199951 ) (6144 -5120 -147.199997 ) 
4 61 65 (6144 -6144 1107.199951 ) (6144 -6144 -147.199997 ) (7168 -6144 -147.199997 ) (7168 -6144 1107.199951 ) 
4 62 63 (9216 -6144 1107.199951 ) (9216 -6144 -147.199997 ) (9216 -6698.669922 -147.199997 ) (9216 -6698.669922 1107.199951 ) 
4 63 64 (8192 -6144 1107.199951 ) (8192 -6144 -147.199997 ) (8192 -6698.669922 -147.199997 ) (8192 -6698.669922 1107.199951 ) 
4 64 65 (7168 -6144 1107.199951 ) (7168 -6144 -147.199997 ) (7168 -6698.669922 -147.199997 ) (7168 -6698.669922 1107.199951 ) 
4 65 126 (6144 -6698.669922 1107.199951 ) (6144 -6144 1107.199951 ) (6144 -6144 -147.199997 ) (6144 -6698.669922 -147.199997 ) 
4 66 68 (6144 3072 -147.199997 ) (6144 3072 1107.199951 ) (5120 3072 1107.199951 ) (5120 3072 -147.199997 ) 
4 66 67 (5120 3114.669922 -147.199997 ) (5120 3072 -147.199997 ) (5120 3072 1107.199951 ) (5120 3114.669922 1107.199951 ) 
4 67 70 (4096 3072 -147.199997 ) (4096 3072 1107.199951 ) (4096 3114.669922 1107.199951 ) (4096 3114.669922 -147.199997 ) 
4 67 69 (4096 3072 1107.199951 ) (4096 3072 -147.199997 ) (5120 3072 -147.199997 ) (5120 3072 1107.199951 ) 
4 68 74 (6144 2048 -147.199997 ) (6144 2048 1107.199951 ) (5120 2048 1107.199951 ) (5120 2048 -147.199997 ) 
4 68 69 (5120 3072 1107.199951 ) (5120 3072 -147.199997 ) (5120 2048 -147.199997 ) (5120 2048 1107.199951 ) 
4 69 75 (5120 2048 -147.199997 ) (5120 2048 1107.199951 ) (4096 2048 1107.199951 ) (4096 2048 -147.199997 ) 
4 69 72 (4096 2048 -147.199997 ) (4096 2048 1107.199951 ) (4096 3072 1107.199951 ) (4096 3072 -147.199997 ) 
4 70 72 (4096 3072 -147.199997 ) (4096 3072 1107.199951 ) (3072 3072 1107.199951 ) (3072 3072 -147.199997 ) 
4 70 71 (3072 3114.669922 -147.199997 ) (3072 3072 -147.199997 ) (3072 3072 1107.199951 ) (3072 3114.669922 1107.199951 ) 
4 71 86 (2048 3072 -147.199997 ) (2048 3072 1107.199951 ) (2048 3114.669922 1107.199951 ) (2048 3114.669922 -147.199997 ) 
4 71 73 (2048 3072 1107.199951 ) (2048 3072 -147.199997 ) (3072 3072 -147.199997 ) (3072 3072 1107.199951 ) 
4 72 80 (4096 2048 -147.199997 ) (4096 2048 1107.199951 ) (3072 2048 1107.199951 ) (3072 2048 -147.199997 ) 
4 72 73 (3072 3072 1107.199951 ) (3072 3072 -147.199997 ) (3072 2048 -147.199997 ) (3072 2048 1107.199951 ) 
4 73 88 (2048 2048 -147.199997 ) (2048 2048 1107.199951 ) (2048 3072 1107.199951 ) (2048 3072 -147.199997 ) 
4 73 81 (3072 2048 -147.199997 ) (3072 2048 1107.199951 ) (2048 2048 1107.199951 ) (2048 2048 -147.199997 ) 
4 74 76 (6144 1024 -147.199997 ) (6144 1024 1107.199951 ) (5120 1024 1107.199951 ) (5120 1024 -147.199997 ) 
4 74 75 (5120 2048 1107.199951 ) (5120 2048 -147.199997 ) (5120 1024 -147.199997 ) (5120 1024 1107.199951 ) 
4 75 80 (4096 2048 1107.199951 ) (4096 2048 -147.199997 ) (4096 1024 -147.199997 ) (4096 1024 1107.199951 ) 
4 75 77 (5120 1024 -147.199997 ) (5120 1024 1107.199951 ) (4096 1024 1107.199951 ) (4096 1024 -147.199997 ) 
4 76 78 (6144 0 -147.199997 ) (6144 0 1107.199951 ) (5120 0 1107.199951 ) (5120 0 -147.199997 ) 
4 76 77 (5120 0 -147.199997 ) (5120 0 1107.199951 ) (5120 1024 1107.199951 ) (5120 1024 -147.199997 ) 
4 77 82 (4096 0 -147.199997 ) (4096 0 1107.199951 ) (4096 1024 1107.199951 ) (4096 1024 -147.199997 ) 
4 77 79 (4096 0 1107.199951 ) (4096 0 -147.199997 ) (5120 0 -147.199997 ) (5120 0 1107.199951 ) 
4 78 106 (6144 -1024 -147.199997 ) (6144 -1024 1107.199951 ) (5120 -1024 1107.199951 ) (5120 -1024 -147.199997 ) 
4 78 79 (5120 0 1107.199951 ) (5120 0 -147.199997 ) (5120 -1024 -147.199997 ) (5120 -1024 1107.199951 ) 
4 79 107 (5120 -1024 -147.199997 ) (5120 -1024 1107.199951 ) (4096 -1024 1107.199951 ) (4096 -1024 -147.199997 ) 
4 79 84 (4096 -1024 -147.199997 ) (4096 -1024 1107.199951 ) (4096 0 1107.199951 ) (4096 0 -147.199997 ) 
4 80 82 (4096 1024 -147.199997 ) (4096 1024 1107.199951 ) (3072 1024 1107.199951 ) (3072 1024 -147.199997 ) 
4 80 81 (3072 2048 1107.199951 ) (3072 2048 -147.199997 ) (3072 1024 -147.199997 ) (3072 1024 1107.199951 ) 
4 81 94 (2048 1024 -147.199997 ) (2048 1024 1107.199951 ) (2048 2048 1107.199951 ) (2048 2048 -147.199997 ) 
4 81 83 (3072 1024 -147.199997 ) (3072 1024 1107.199951 ) (2048 1024 1107.199951 ) (2048 1024 -147.199997 ) 
4 82 84 (4096 0 -147.199997 ) (4096 0 1107.199951 ) (3072 0 1107.199951 ) (3072 0 -147.199997 ) 
4 82 83 (3072 0 -147.199997 ) (3072 0 1107.199951 ) (3072 1024 1107.199951 ) (3072 1024 -147.199997 ) 
4 83 96 (2048 0 -147.199997 ) (2048 0 1107.199951 ) (2048 1024 1107.199951 ) (2048 1024 -147.199997 ) 
4 83 85 (2048 0 1107.199951 ) (2048 0 -147.199997 ) (3072 0 -147.199997 ) (3072 0 1107.199951 ) 
4 84 112 (4096 -1024 -147.199997 ) (4096 -1024 1107.199951 ) (3072 -1024 1107.199951 ) (3072 -1024 -147.199997 ) 
4 84 85 (3072 0 1107.199951 ) (3072 0 -147.199997 ) (3072 -1024 -147.199997 ) (3072 -1024 1107.199951 ) 
4 85 113 (3072 -1024 -147.199997 ) (3072 -1024 1107.199951 ) (2048 -1024 1107.199951 ) (2048 -1024 -147.199997 ) 
4 85 98 (2048 -1024 -147.199997 ) (2048 -1024 1107.199951 ) (2048 0 1107.199951 ) (2048 0 -147.199997 ) 
4 86 88 (2048 3072 -147.199997 ) (2048 3072 1107.199951 ) (1024 3072 1107.199951 ) (1024 3072 -147.199997 ) 
4 86 87 (1024 3114.669922 -147.199997 ) (1024 3072 -147.199997 ) (1024 3072 1107.199951 ) (1024 3114.669922 1107.199951 ) 
4 87 90 (0 3072 -147.199997 ) (0 3072 1107.199951 ) (0 3114.669922 1107.199951 ) (0 3114.669922 -147.199997 ) 
4 87 89 (0 3072 1107.199951 ) (0 3072 -147.199997 ) (1024 3072 -147.199997 ) (1024 3072 1107.199951 ) 
4 88 94 (2048 2048 -147.199997 ) (2048 2048 1107.199951 ) (1024 2048 1107.199951 ) (1024 2048 -147.199997 ) 
4 88 89 (1024 3072 1107.199951 ) (1024 3072 -147.199997 ) (1024 2048 -147.199997 ) (1024 2048 1107.199951 ) 
4 89 95 (1024 2048 -147.199997 ) (1024 2048 1107.199951 ) (0 2048 1107.199951 ) (0 2048 -147.199997 ) 
4 89 91 (0 2048 -147.199997 ) (0 2048 1107.199951 ) (0 3072 1107.199951 ) (0 3072 -147.199997 ) 
4 90 92 (-1024 3072 -147.199997 ) (-1024 3072 1107.199951 ) (-1024 3114.669922 1107.199951 ) (-1024 3114.669922 -147.199997 ) 
4 90 91 (0 3072 -147.199997 ) (0 3072 1107.199951 ) (-1024 3072 1107.199951 ) (-1024 3072 -147.199997 ) 
4 91 100 (0 2048 -147.199997 ) (0 2048 1107.199951 ) (-1024 2048 1107.199951 ) (-1024 2048 -147.199997 ) 
4 91 93 (-1024 2048 -147.199997 ) (-1024 2048 1107.199951 ) (-1024 3072 1107.199951 ) (-1024 3072 -147.199997 ) 
4 92 93 (-1024 3072 -147.199997 ) (-1024 3072 1107.199951 ) (-1254.400146 3072 1107.199951 ) (-1254.400146 3072 -147.199997 ) 
4 93 101 (-1024 2048 -147.199997 ) (-1024 2048 1107.199951 ) (-1254.400146 2048 1107.199951 ) (-1254.400146 2048 -147.199997 ) 
4 94 96 (2048 1024 -147.199997 ) (2048 1024 1107.199951 ) (1024 1024 1107.199951 ) (1024 1024 -147.199997 ) 
4 94 95 (1024 2048 1107.199951 ) (1024 2048 -147.199997 ) (1024 1024 -147.199997 ) (1024 1024 1107.199951 ) 
4 95 100 (0 2048 1107.199951 ) (0 2048 -147.199997 ) (0 1024 -147.199997 ) (0 1024 1107.199951 ) 
4 95 97 (1024 1024 -147.199997 ) (1024 1024 1107.199951 ) (0 1024 1107.199951 ) (0 1024 -147.199997 ) 
4 96 98 (2048 0 -147.199997 ) (2048 0 1107.199951 ) (1024 0 1107.199951 ) (1024 0 -147.199997 ) 
4 96 97 (1024 0 -147.199997 ) (1024 0 1107.199951 ) (1024 1024 1107.199951 ) (1024 1024 -147.199997 ) 
4 97 102 (0 0 -147.199997 ) (0 0 1107.199951 ) (0 1024 1107.199951 ) (0 1024 -147.199997 ) 
4 97 99 (0 0 1107.199951 ) (0 0 -147.199997 ) (1024 0 -147.199997 ) (1024 0 1107.199951 ) 
4 98 130 (2048 -1024 -147.199997 ) (2048 -1024 1107.199951 ) (1024 -1024 1107.199951 ) (1024 -1024 -147.199997 ) 
4 98 99 (1024 0 1107.199951 ) (1024 0 -147.199997 ) (1024 -1024 -147.199997 ) (1024 -1024 1107.199951 ) 
4 99 131 (1024 -1024 -147.199997 ) (1024 -1024 1107.199951 ) (0 -1024 1107.199951 ) (0 -1024 -147.199997 ) 
4 99 103 (0 -1024 -147.199997 ) (0 -1024 1107.199951 ) (0 0 1107.199951 ) (0 0 -147.199997 ) 
4 100 102 (0 1024 -147.199997 ) (0 1024 1107.199951 ) (-1024 1024 1107.199951 ) (-1024 1024 -147.199997 ) 
4 100 101 (-1024 2048 1107.199951 ) (-1024 2048 -147.199997 ) (-1024 1024 -147.199997 ) (-1024 1024 1107.199951 ) 
4 101 104 (-1024 1024 -147.199997 ) (-1024 1024 1107.199951 ) (-1254.400146 1024 1107.199951 ) (-1254.400146 1024 -147.199997 ) 
4 102 104 (-1024 1024 1107.199951 ) (-1024 1024 -147.199997 ) (-1024 0 -147.199997 ) (-1024 0 1107.199951 ) 
4 102 103 (0 0 -147.199997 ) (0 0 1107.199951 ) (-1024 0 1107.199951 ) (-1024 0 -147.199997 ) 
4 103 136 (0 -1024 -147.199997 ) (0 -1024 1107.199951 ) (-1024 -1024 1107.199951 ) (-1024 -1024 -147.199997 ) 
4 103 105 (-1024 -1024 -147.199997 ) (-1024 -1024 1107.199951 ) (-1024 0 1107.199951 ) (-1024 0 -147.199997 ) 
4 104 105 (-1024 0 -147.199997 ) (-1024 0 1107.199951 ) (-1254.400146 0 1107.199951 ) (-1254.400146 0 -147.199997 ) 
4 105 137 (-1024 -1024 -147.199997 ) (-1024 -1024 1107.199951 ) (-1254.400146 -1024 1107.199951 ) (-1254.400146 -1024 -147.199997 ) 
4 106 108 (6144 -2048 -147.199997 ) (6144 -2048 1107.199951 ) (5120 -2048 1107.199951 ) (5120 -2048 -147.199997 ) 
4 106 107 (5120 -1024 1107.199951 ) (5120 -1024 -147.199997 ) (5120 -2048 -147.199997 ) (5120 -2048 1107.199951 ) 
4 107 112 (4096 -1024 1107.199951 ) (4096 -1024 -147.199997 ) (4096 -2048 -147.199997 ) (4096 -2048 1107.199951 ) 
4 107 109 (5120 -2048 -147.199997 ) (5120 -2048 1107.199951 ) (4096 -2048 1107.199951 ) (4096 -2048 -147.199997 ) 
4 108 110 (6144 -3072 -147.199997 ) (6144 -3072 1107.199951 ) (5120 -3072 1107.199951 ) (5120 -3072 -147.199997 ) 
4 108 109 (5120 -3072 -147.199997 ) (5120 -3072 1107.199951 ) (5120 -2048 1107.199951 ) (5120 -2048 -147.199997 ) 
4 109 114 (4096 -3072 -147.199997 ) (4096 -3072 1107.199951 ) (4096 -2048 1107.199951 ) (4096 -2048 -147.199997 ) 
4 109 111 (4096 -3072 1107.199951 ) (4096 -3072 -147.199997 ) (5120 -3072 -147.199997 ) (5120 -3072 1107.199951 ) 
4 110 118 (6144 -4096 -147.199997 ) (6144 -4096 1107.199951 ) (5120 -4096 1107.199951 ) (5120 -4096 -147.199997 ) 
4 110 111 (5120 -3072 1107.199951 ) (5120 -3072 -147.199997 ) (5120 -4096 -147.199997 ) (5120 -4096 1107.199951 ) 
4 111 119 (5120 -4096 -147.199997 ) (5120 -4096 1107.199951 ) (4096 -4096 1107.199951 ) (4096 -4096 -147.199997 ) 
4 111 116 (4096 -4096 -147.199997 ) (4096 -4096 1107.199951 ) (4096 -3072 1107.199951 ) (4096 -3072 -147.199997 ) 
4 112 114 (4096 -2048 -147.199997 ) (4096 -2048 1107.199951 ) (3072 -2048 1107.199951 ) (3072 -2048 -147.199997 ) 
4 112 113 (3072 -1024 1107.199951 ) (3072 -1024 -147.199997 ) (3072 -2048 -147.199997 ) (3072 -2048 1107.199951 ) 
4 113 130 (2048 -1024 1107.199951 ) (2048 -1024 -147.199997 ) (2048 -2048 -147.199997 ) (2048 -2048 1107.199951 ) 
4 113 115 (3072 -2048 -147.199997 ) (3072 -2048 1107.199951 ) (2048 -2048 1107.199951 ) (2048 -2048 -147.199997 ) 
4 114 116 (4096 -3072 -147.199997 ) (4096 -3072 1107.199951 ) (3072 -3072 1107.199951 ) (3072 -3072 -147.199997 ) 
4 114 115 (3072 -3072 -147.199997 ) (3072 -3072 1107.199951 ) (3072 -2048 1107.199951 ) (3072 -2048 -147.199997 ) 
4 115 132 (2048 -3072 -147.199997 ) (2048 -3072 1107.199951 ) (2048 -2048 1107.199951 ) (2048 -2048 -147.199997 ) 
4 115 117 (2048 -3072 1107.199951 ) (2048 -3072 -147.199997 ) (3072 -3072 -147.199997 ) (3072 -3072 1107.199951 ) 
4 116 122 (4096 -4096 -147.199997 ) (4096 -4096 1107.199951 ) (3072 -4096 1107.199951 ) (3072 -4096 -147.199997 ) 
4 116 117 (3072 -3072 1107.199951 ) (3072 -3072 -147.199997 ) (3072 -4096 -147.199997 ) (3072 -4096 1107.199951 ) 
4 117 134 (2048 -4096 -147.199997 ) (2048 -4096 1107.199951 ) (2048 -3072 1107.199951 ) (2048 -3072 -147.199997 ) 
4 117 123 (3072 -4096 -147.199997 ) (3072 -4096 1107.199951 ) (2048 -4096 1107.199951 ) (2048 -4096 -147.199997 ) 
4 118 120 (6144 -5120 -147.199997 ) (6144 -5120 1107.199951 ) (5120 -5120 1107.199951 ) (5120 -5120 -147.199997 ) 
4 118 119 (5120 -5120 -147.199997 ) (5120 -5120 1107.199951 ) (5120 -4096 1107.199951 ) (5120 -4096 -147.199997 ) 
4 119 122 (4096 -5120 -147.199997 ) (4096 -5120 1107.199951 ) (4096 -4096 1107.199951 ) (4096 -4096 -147.199997 ) 
4 119 121 (5120 -5120 -147.199997 ) (5120 -5120 1107.199951 ) (4096 -5120 1107.199951 ) (4096 -5120 -147.199997 ) 
4 120 126 (6144 -6144 -147.199997 ) (6144 -6144 1107.199951 ) (5120 -6144 1107.199951 ) (5120 -6144 -147.199997 ) 
4 120 121 (5120 -5120 1107.199951 ) (5120 -5120 -147.199997 ) (5120 -6144 -147.199997 ) (5120 -6144 1107.199951 ) 
4 121 127 (5120 -6144 -147.199997 ) (5120 -6144 1107.199951 ) (4096 -6144 1107.199951 ) (4096 -6144 -147.199997 ) 
4 121 124 (4096 -6144 -147.199997 ) (4096 -6144 1107.199951 ) (4096 -5120 1107.199951 ) (4096 -5120 -147.199997 ) 
4 122 124 (4096 -5120 -147.199997 ) (4096 -5120 1107.199951 ) (3072 -5120 1107.199951 ) (3072 -5120 -147.199997 ) 
4 122 123 (3072 -5120 -147.199997 ) (3072 -5120 1107.199951 ) (3072 -4096 1107.199951 ) (3072 -4096 -147.199997 ) 
4 123 142 (2048 -5120 -147.199997 ) (2048 -5120 1107.199951 ) (2048 -4096 1107.199951 ) (2048 -4096 -147.199997 ) 
4 123 125 (2048 -5120 1107.199951 ) (2048 -5120 -147.199997 ) (3072 -5120 -147.199997 ) (3072 -5120 1107.199951 ) 
4 124 128 (4096 -6144 -147.199997 ) (4096 -6144 1107.199951 ) (3072 -6144 1107.199951 ) (3072 -6144 -147.199997 ) 
4 124 125 (3072 -5120 1107.199951 ) (3072 -5120 -147.199997 ) (3072 -6144 -147.199997 ) (3072 -6144 1107.199951 ) 
4 125 144 (2048 -6144 -147.199997 ) (2048 -6144 1107.199951 ) (2048 -5120 1107.199951 ) (2048 -5120 -147.199997 ) 
4 125 129 (2048 -6144 1107.199951 ) (2048 -6144 -147.199997 ) (3072 -6144 -147.199997 ) (3072 -6144 1107.199951 ) 
4 126 127 (5120 -6144 1107.199951 ) (5120 -6144 -147.199997 ) (5120 -6698.669922 -147.199997 ) (5120 -6698.669922 1107.199951 ) 
4 127 128 (4096 -6144 1107.199951 ) (4096 -6144 -147.199997 ) (4096 -6698.669922 -147.199997 ) (4096 -6698.669922 1107.199951 ) 
4 128 129 (3072 -6144 1107.199951 ) (3072 -6144 -147.199997 ) (3072 -6698.669922 -147.199997 ) (3072 -6698.669922 1107.199951 ) 
4 129 146 (2048 -6698.669922 1107.199951 ) (2048 -6144 1107.199951 ) (2048 -6144 -147.199997 ) (2048 -6698.669922 -147.199997 ) 
4 130 132 (2048 -2048 -147.199997 ) (2048 -2048 1107.199951 ) (1024 -2048 1107.199951 ) (1024 -2048 -147.199997 ) 
4 130 131 (1024 -1024 1107.199951 ) (1024 -1024 -147.199997 ) (1024 -2048 -147.199997 ) (1024 -2048 1107.199951 ) 
4 131 136 (0 -1024 1107.199951 ) (0 -1024 -147.199997 ) (0 -2048 -147.199997 ) (0 -2048 1107.199951 ) 
4 131 133 (1024 -2048 -147.199997 ) (1024 -2048 1107.199951 ) (0 -2048 1107.199951 ) (0 -2048 -147.199997 ) 
4 132 134 (2048 -3072 -147.199997 ) (2048 -3072 1107.199951 ) (1024 -3072 1107.199951 ) (1024 -3072 -147.199997 ) 
4 132 133 (1024 -3072 -147.199997 ) (1024 -3072 1107.199951 ) (1024 -2048 1107.199951 ) (1024 -2048 -147.199997 ) 
4 133 138 (0 -3072 -147.199997 ) (0 -3072 1107.199951 ) (0 -2048 1107.199951 ) (0 -2048 -147.199997 ) 
4 133 135 (0 -3072 1107.199951 ) (0 -3072 -147.199997 ) (1024 -3072 -147.199997 ) (1024 -3072 1107.199951 ) 
4 134 142 (2048 -4096 -147.199997 ) (2048 -4096 1107.199951 ) (1024 -4096 1107.199951 ) (1024 -4096 -147.199997 ) 
4 134 135 (1024 -3072 1107.199951 ) (1024 -3072 -147.199997 ) (1024 -4096 -147.199997 ) (1024 -4096 1107.199951 ) 
4 135 143 (1024 -4096 -147.199997 ) (1024 -4096 1107.199951 ) (0 -4096 1107.199951 ) (0 -4096 -147.199997 ) 
4 135 139 (0 -4096 -147.199997 ) (0 -4096 1107.199951 ) (0 -3072 1107.199951 ) (0 -3072 -147.199997 ) 
4 136 138 (0 -2048 -147.199997 ) (0 -2048 1107.199951 ) (-1024 -2048 1107.199951 ) (-1024 -2048 -147.199997 ) 
4 136 137 (-1024 -1024 1107.199951 ) (-1024 -1024 -147.199997 ) (-1024 -2048 -147.199997 ) (-1024 -2048 1107.199951 ) 
4 137 140 (-1024 -2048 -147.199997 ) (-1024 -2048 1107.199951 ) (-1254.400146 -2048 1107.199951 ) (-1254.400146 -2048 -147.199997 ) 
4 138 140 (-1024 -2048 1107.199951 ) (-1024 -2048 -147.199997 ) (-1024 -3072 -147.199997 ) (-1024 -3072 1107.199951 ) 
4 138 139 (0 -3072 -147.199997 ) (0 -3072 1107.199951 ) (-1024 -3072 1107.199951 ) (-1024 -3072 -147.199997 ) 
4 139 148 (0 -4096 -147.199997 ) (0 -4096 1107.199951 ) (-1024 -4096 1107.199951 ) (-1024 -4096 -147.199997 ) 
4 139 141 (-1024 -4096 -147.199997 ) (-1024 -4096 1107.199951 ) (-1024 -3072 1107.199951 ) (-1024 -3072 -147.199997 ) 
4 140 141 (-1024 -3072 -147.199997 ) (-1024 -3072 1107.199951 ) (-1254.400146 -3072 1107.199951 ) (-1254.400146 -3072 -147.199997 ) 
4 141 150 (-1024 -4096 -147.199997 ) (-1024 -4096 1107.199951 ) (-1254.400146 -4096 1107.199951 ) (-1254.400146 -4096 -147.199997 ) 
4 142 144 (2048 -5120 -147.199997 ) (2048 -5120 1107.199951 ) (1024 -5120 1107.199951 ) (1024 -5120 -147.199997 ) 
4 142 143 (1024 -5120 -147.199997 ) (1024 -5120 1107.199951 ) (1024 -4096 1107.199951 ) (1024 -4096 -147.199997 ) 
4 143 148 (0 -4096 1107.199951 ) (0 -4096 -147.199997 ) (0 -5120 -147.199997 ) (0 -5120 1107.199951 ) 
4 143 145 (0 -5120 1107.199951 ) (0 -5120 -147.199997 ) (1024 -5120 -147.199997 ) (1024 -5120 1107.199951 ) 
4 144 146 (2048 -6144 -147.199997 ) (2048 -6144 1107.199951 ) (1024 -6144 1107.199951 ) (1024 -6144 -147.199997 ) 
4 144 145 (1024 -5120 1107.199951 ) (1024 -5120 -147.199997 ) (1024 -6144 -147.199997 ) (1024 -6144 1107.199951 ) 
4 145 149 (0 -6144 -147.199997 ) (0 -6144 1107.199951 ) (0 -5120 1107.199951 ) (0 -5120 -147.199997 ) 
4 145 147 (1024 -6144 -147.199997 ) (1024 -6144 1107.199951 ) (0 -6144 1107.199951 ) (0 -6144 -147.199997 ) 
4 146 147 (1024 -6698.669922 1107.199951 ) (1024 -6144 1107.199951 ) (1024 -6144 -147.199997 ) (1024 -6698.669922 -147.199997 ) 
4 147 152 (0 -6698.669922 1107.199951 ) (0 -6144 1107.199951 ) (0 -6144 -147.199997 ) (0 -6698.669922 -147.199997 ) 
4 148 150 (-1024 -4096 1107.199951 ) (-1024 -4096 -147.199997 ) (-1024 -5120 -147.199997 ) (-1024 -5120 1107.199951 ) 
4 148 149 (0 -5120 -147.199997 ) (0 -5120 1107.199951 ) (-1024 -5120 1107.199951 ) (-1024 -5120 -147.199997 ) 
4 149 152 (0 -6144 -147.199997 ) (0 -6144 1107.199951 ) (-1024 -6144 1107.199951 ) (-1024 -6144 -147.199997 ) 
4 149 151 (-1024 -6144 -147.199997 ) (-1024 -6144 1107.199951 ) (-1024 -5120 1107.199951 ) (-1024 -5120 -147.199997 ) 
4 150 151 (-1024 -5120 -147.199997 ) (-1024 -5120 1107.199951 ) (-1254.400146 -5120 1107.199951 ) (-1254.400146 -5120 -147.199997 ) 
4 151 153 (-1024 -6144 -147.199997 ) (-1024 -6144 1107.199951 ) (-1254.400146 -6144 1107.199951 ) (-1254.400146 -6144 -147.199997 ) 
4 152 153 (-1024 -6144 1107.199951 ) (-1024 -6144 -147.199997 ) (-1024 -6698.669922 -147.199997 ) (-1024 -6698.669922 1107.199951 ) 
