// Created by Crowbar 0.24.0.0


  Decompiling ".\Police_animations.mdl"...
    Reading data...
      Checking for required files...
        Reading mdl file header...
        ...Reading mdl file header finished.
      ...All required files found.
      Reading mdl file...
      ...Reading mdl file finished.
      Reading ani file...
      ...Reading ani file finished.
    ...Reading data finished.
    Writing data...
      Writing qc file...
      ...Writing qc file finished.
      Writing animation ($sequence) smd files...
        Writing "a_body_rot_z_lt" file...
        ...Writing "a_body_rot_z_lt" file finished.
        Writing "a_body_rot" file...
        ...Writing "a_body_rot" file finished.
        Writing "a_body_rot_z_rt" file...
        ...Writing "a_body_rot_z_rt" file finished.
        Writing "a_spine_rot_z_lt" file...
        ...Writing "a_spine_rot_z_lt" file finished.
        Writing "a_spine_rot" file...
        ...Writing "a_spine_rot" file finished.
        Writing "a_spine_rot_z_rt" file...
        ...Writing "a_spine_rot_z_rt" file finished.
        Writing "a_neck_trans_back" file...
        ...Writing "a_neck_trans_back" file finished.
        Writing "a_neck_trans" file...
        ...Writing "a_neck_trans" file finished.
        Writing "a_neck_trans_fwd" file...
        ...Writing "a_neck_trans_fwd" file finished.
        Writing "a_head_rot_z_lt" file...
        ...Writing "a_head_rot_z_lt" file finished.
        Writing "a_head_rot" file...
        ...Writing "a_head_rot" file finished.
        Writing "a_head_rot_z_rt" file...
        ...Writing "a_head_rot_z_rt" file finished.
        Writing "a_head_rot_dwn" file...
        ...Writing "a_head_rot_dwn" file finished.
        Writing "a_head_rot" file...
        ...Writing "a_head_rot" file finished.
        Writing "a_head_rot_up" file...
        ...Writing "a_head_rot_up" file finished.
        Writing "a_head_rot_lt" file...
        ...Writing "a_head_rot_lt" file finished.
        Writing "a_head_rot" file...
        ...Writing "a_head_rot" file finished.
        Writing "a_head_rot_rt" file...
        ...Writing "a_head_rot_rt" file finished.
        Writing "@batonidle1" file...
        ...Writing "@batonidle1" file finished.
        Writing "@batonidle2" file...
        ...Writing "@batonidle2" file finished.
        Writing "@smg1idle1" file...
        ...Writing "@smg1idle1" file finished.
        Writing "@smg1idle2" file...
        ...Writing "@smg1idle2" file finished.
        Writing "@pistolidle1" file...
        ...Writing "@pistolidle1" file finished.
        Writing "@pistolidle2" file...
        ...Writing "@pistolidle2" file finished.
        Writing "@Idle_Baton" file...
        ...Writing "@Idle_Baton" file finished.
        Writing "@BlockEntry" file...
        ...Writing "@BlockEntry" file finished.
        Writing "@buttonright" file...
        ...Writing "@buttonright" file finished.
        Writing "@buttonfront" file...
        ...Writing "@buttonfront" file finished.
        Writing "@buttonleft" file...
        ...Writing "@buttonleft" file finished.
        Writing "@busyidle1" file...
        ...Writing "@busyidle1" file finished.
        Writing "@busyidle2" file...
        ...Writing "@busyidle2" file finished.
        Writing "@harassfront1" file...
        ...Writing "@harassfront1" file finished.
        Writing "@harassfront2" file...
        ...Writing "@harassfront2" file finished.
        Writing "@pickup" file...
        ...Writing "@pickup" file finished.
        Writing "@point" file...
        ...Writing "@point" file finished.
        Writing "@idleonfire" file...
        ...Writing "@idleonfire" file finished.
        Writing "@moveonfire" file...
        ...Writing "@moveonfire" file finished.
        Writing "@rappelloop" file...
        ...Writing "@rappelloop" file finished.
        Writing "@rappelland" file...
        ...Writing "@rappelland" file finished.
        Writing "@batonidle1" file...
        ...Writing "@batonidle1" file finished.
        Writing "@batonidle1" file...
        ...Writing "@batonidle1" file finished.
        Writing "@pushplayer" file...
        ...Writing "@pushplayer" file finished.
        Writing "@activatebaton" file...
        ...Writing "@activatebaton" file finished.
        Writing "@deactivatebaton" file...
        ...Writing "@deactivatebaton" file finished.
        Writing "@cower" file...
        ...Writing "@cower" file finished.
        Writing "@flinch_head1" file...
        ...Writing "@flinch_head1" file finished.
        Writing "@flinch_head2" file...
        ...Writing "@flinch_head2" file finished.
        Writing "@flinch_stomach1" file...
        ...Writing "@flinch_stomach1" file finished.
        Writing "@flinch_stomach2" file...
        ...Writing "@flinch_stomach2" file finished.
        Writing "@flinch_leftarm1" file...
        ...Writing "@flinch_leftarm1" file finished.
        Writing "@flinch_rightarm1" file...
        ...Writing "@flinch_rightarm1" file finished.
        Writing "@flinch_back1" file...
        ...Writing "@flinch_back1" file finished.
        Writing "@flinch1" file...
        ...Writing "@flinch1" file finished.
        Writing "@flinch2" file...
        ...Writing "@flinch2" file finished.
        Writing "a_flinch_gesture" file...
        ...Writing "a_flinch_gesture" file finished.
        Writing "a_flinch_head_gesture1" file...
        ...Writing "a_flinch_head_gesture1" file finished.
        Writing "a_flinch_head_gesture2" file...
        ...Writing "a_flinch_head_gesture2" file finished.
        Writing "a_flinch_gut_gesture1" file...
        ...Writing "a_flinch_gut_gesture1" file finished.
        Writing "a_flinch_gut_gesture2" file...
        ...Writing "a_flinch_gut_gesture2" file finished.
        Writing "a_flinch_larm_gesture" file...
        ...Writing "a_flinch_larm_gesture" file finished.
        Writing "a_flinch_rarm_gesture" file...
        ...Writing "a_flinch_rarm_gesture" file finished.
        Writing "@physflinch1" file...
        ...Writing "@physflinch1" file finished.
        Writing "@physflinch2" file...
        ...Writing "@physflinch2" file finished.
        Writing "@deathpose_front" file...
        ...Writing "@deathpose_front" file finished.
        Writing "@deathpose_back" file...
        ...Writing "@deathpose_back" file finished.
        Writing "@deathpose_right" file...
        ...Writing "@deathpose_right" file finished.
        Writing "@deathpose_left" file...
        ...Writing "@deathpose_left" file finished.
        Writing "@deploy" file...
        ...Writing "@deploy" file finished.
        Writing "@grenadethrow" file...
        ...Writing "@grenadethrow" file finished.
        Writing "@pistolangryidle2" file...
        ...Writing "@pistolangryidle2" file finished.
        Writing "@Crouch_idle_pistol" file...
        ...Writing "@Crouch_idle_pistol" file finished.
        Writing "@drawpistol" file...
        ...Writing "@drawpistol" file finished.
        Writing "@shootp1" file...
        ...Writing "@shootp1" file finished.
        Writing "@gesture_shoot_pistol" file...
        ...Writing "@gesture_shoot_pistol" file finished.
        Writing "@reload_pistol" file...
        ...Writing "@reload_pistol" file finished.
        Writing "@crouch_reload_pistol" file...
        ...Writing "@crouch_reload_pistol" file finished.
        Writing "@gesture_reload_pistolspine" file...
        ...Writing "@gesture_reload_pistolspine" file finished.
        Writing "@gesture_reload_pistolarms" file...
        ...Writing "@gesture_reload_pistolarms" file finished.
        Writing "@gesture_reload_pistol" file...
        ...Writing "@gesture_reload_pistol" file finished.
        Writing "@lowcover_shoot_pistol" file...
        ...Writing "@lowcover_shoot_pistol" file finished.
        Writing "@lowcover_aim_pistol" file...
        ...Writing "@lowcover_aim_pistol" file finished.
        Writing "@smg1angryidle1" file...
        ...Writing "@smg1angryidle1" file finished.
        Writing "@Crouch_idle_smg1" file...
        ...Writing "@Crouch_idle_smg1" file finished.
        Writing "@shoot_smg1" file...
        ...Writing "@shoot_smg1" file finished.
        Writing "@gesture_shoot_smg1" file...
        ...Writing "@gesture_shoot_smg1" file finished.
        Writing "@reload_smg1" file...
        ...Writing "@reload_smg1" file finished.
        Writing "@crouch_reload_smg1" file...
        ...Writing "@crouch_reload_smg1" file finished.
        Writing "@gesture_reload_smg1spine" file...
        ...Writing "@gesture_reload_smg1spine" file finished.
        Writing "@gesture_reload_smg1arms" file...
        ...Writing "@gesture_reload_smg1arms" file finished.
        Writing "@gesture_reload_smg1" file...
        ...Writing "@gesture_reload_smg1" file finished.
        Writing "@lowcover_shoot_smg1" file...
        ...Writing "@lowcover_shoot_smg1" file finished.
        Writing "@lowcover_aim_smg1" file...
        ...Writing "@lowcover_aim_smg1" file finished.
        Writing "@batonangryidle1" file...
        ...Writing "@batonangryidle1" file finished.
        Writing "@swing" file...
        ...Writing "@swing" file finished.
        Writing "@thrust" file...
        ...Writing "@thrust" file finished.
        Writing "@swinggesturespine" file...
        ...Writing "@swinggesturespine" file finished.
        Writing "@swinggesturearms" file...
        ...Writing "@swinggesturearms" file finished.
        Writing "@swinggesture" file...
        ...Writing "@swinggesture" file finished.
        Writing "a_pistol_aim_straight_up" file...
        ...Writing "a_pistol_aim_straight_up" file finished.
        Writing "a_pistol_aim_straight_up" file...
        ...Writing "a_pistol_aim_straight_up" file finished.
        Writing "a_pistol_aim_straight_up" file...
        ...Writing "a_pistol_aim_straight_up" file finished.
        Writing "a_pistol_aim_up_right" file...
        ...Writing "a_pistol_aim_up_right" file finished.
        Writing "a_pistol_aim_up_center" file...
        ...Writing "a_pistol_aim_up_center" file finished.
        Writing "a_pistol_aim_up_left" file...
        ...Writing "a_pistol_aim_up_left" file finished.
        Writing "a_pistol_aim_mid_right" file...
        ...Writing "a_pistol_aim_mid_right" file finished.
        Writing "a_pistol_aim_mid_center" file...
        ...Writing "a_pistol_aim_mid_center" file finished.
        Writing "a_pistol_aim_mid_left" file...
        ...Writing "a_pistol_aim_mid_left" file finished.
        Writing "a_pistol_aim_down_right" file...
        ...Writing "a_pistol_aim_down_right" file finished.
        Writing "a_pistol_aim_down_center" file...
        ...Writing "a_pistol_aim_down_center" file finished.
        Writing "a_pistol_aim_down_left" file...
        ...Writing "a_pistol_aim_down_left" file finished.
        Writing "a_WalkN_pistol_aim_straight_up" file...
        ...Writing "a_WalkN_pistol_aim_straight_up" file finished.
        Writing "a_WalkN_pistol_aim_straight_up" file...
        ...Writing "a_WalkN_pistol_aim_straight_up" file finished.
        Writing "a_WalkN_pistol_aim_straight_up" file...
        ...Writing "a_WalkN_pistol_aim_straight_up" file finished.
        Writing "a_WalkN_pistol_aim_up_right" file...
        ...Writing "a_WalkN_pistol_aim_up_right" file finished.
        Writing "a_WalkN_pistol_aim_up_center" file...
        ...Writing "a_WalkN_pistol_aim_up_center" file finished.
        Writing "a_WalkN_pistol_aim_up_left" file...
        ...Writing "a_WalkN_pistol_aim_up_left" file finished.
        Writing "a_WalkN_pistol_aim_mid_right" file...
        ...Writing "a_WalkN_pistol_aim_mid_right" file finished.
        Writing "a_WalkN_pistol_aim_mid_center" file...
        ...Writing "a_WalkN_pistol_aim_mid_center" file finished.
        Writing "a_WalkN_pistol_aim_mid_left" file...
        ...Writing "a_WalkN_pistol_aim_mid_left" file finished.
        Writing "a_WalkN_pistol_aim_down_right" file...
        ...Writing "a_WalkN_pistol_aim_down_right" file finished.
        Writing "a_WalkN_pistol_aim_down_center" file...
        ...Writing "a_WalkN_pistol_aim_down_center" file finished.
        Writing "a_WalkN_pistol_aim_down_left" file...
        ...Writing "a_WalkN_pistol_aim_down_left" file finished.
        Writing "a_SMG1_aim_straight_up" file...
        ...Writing "a_SMG1_aim_straight_up" file finished.
        Writing "a_SMG1_aim_straight_up" file...
        ...Writing "a_SMG1_aim_straight_up" file finished.
        Writing "a_SMG1_aim_straight_up" file...
        ...Writing "a_SMG1_aim_straight_up" file finished.
        Writing "a_SMG1_aim_up_right" file...
        ...Writing "a_SMG1_aim_up_right" file finished.
        Writing "a_SMG1_aim_up_center" file...
        ...Writing "a_SMG1_aim_up_center" file finished.
        Writing "a_SMG1_aim_up_left" file...
        ...Writing "a_SMG1_aim_up_left" file finished.
        Writing "a_SMG1_aim_mid_right" file...
        ...Writing "a_SMG1_aim_mid_right" file finished.
        Writing "a_SMG1_aim_mid_center" file...
        ...Writing "a_SMG1_aim_mid_center" file finished.
        Writing "a_SMG1_aim_mid_left" file...
        ...Writing "a_SMG1_aim_mid_left" file finished.
        Writing "a_SMG1_aim_down_right" file...
        ...Writing "a_SMG1_aim_down_right" file finished.
        Writing "a_SMG1_aim_down_center" file...
        ...Writing "a_SMG1_aim_down_center" file finished.
        Writing "a_SMG1_aim_down_left" file...
        ...Writing "a_SMG1_aim_down_left" file finished.
        Writing "a_WalkN_SMG1_aim_straight_up" file...
        ...Writing "a_WalkN_SMG1_aim_straight_up" file finished.
        Writing "a_WalkN_SMG1_aim_straight_up" file...
        ...Writing "a_WalkN_SMG1_aim_straight_up" file finished.
        Writing "a_WalkN_SMG1_aim_straight_up" file...
        ...Writing "a_WalkN_SMG1_aim_straight_up" file finished.
        Writing "a_WalkN_SMG1_aim_up_right" file...
        ...Writing "a_WalkN_SMG1_aim_up_right" file finished.
        Writing "a_WalkN_SMG1_aim_up_center" file...
        ...Writing "a_WalkN_SMG1_aim_up_center" file finished.
        Writing "a_WalkN_SMG1_aim_up_left" file...
        ...Writing "a_WalkN_SMG1_aim_up_left" file finished.
        Writing "a_WalkN_SMG1_aim_mid_right" file...
        ...Writing "a_WalkN_SMG1_aim_mid_right" file finished.
        Writing "a_WalkN_SMG1_aim_mid_center" file...
        ...Writing "a_WalkN_SMG1_aim_mid_center" file finished.
        Writing "a_WalkN_SMG1_aim_mid_left" file...
        ...Writing "a_WalkN_SMG1_aim_mid_left" file finished.
        Writing "a_WalkN_SMG1_aim_down_right" file...
        ...Writing "a_WalkN_SMG1_aim_down_right" file finished.
        Writing "a_WalkN_SMG1_aim_down_center" file...
        ...Writing "a_WalkN_SMG1_aim_down_center" file finished.
        Writing "a_WalkN_SMG1_aim_down_left" file...
        ...Writing "a_WalkN_SMG1_aim_down_left" file finished.
        Writing "a_Crouch_walkS" file...
        ...Writing "a_Crouch_walkS" file finished.
        Writing "a_Crouch_walkSE" file...
        ...Writing "a_Crouch_walkSE" file finished.
        Writing "a_Crouch_walkE" file...
        ...Writing "a_Crouch_walkE" file finished.
        Writing "a_Crouch_walkNE" file...
        ...Writing "a_Crouch_walkNE" file finished.
        Writing "a_Crouch_walkN" file...
        ...Writing "a_Crouch_walkN" file finished.
        Writing "a_Crouch_walkNW" file...
        ...Writing "a_Crouch_walkNW" file finished.
        Writing "a_Crouch_walkW" file...
        ...Writing "a_Crouch_walkW" file finished.
        Writing "a_Crouch_walkSW" file...
        ...Writing "a_Crouch_walkSW" file finished.
        Writing "a_Crouch_walkS" file...
        ...Writing "a_Crouch_walkS" file finished.
        Writing "a_WalkS" file...
        ...Writing "a_WalkS" file finished.
        Writing "a_WalkSE" file...
        ...Writing "a_WalkSE" file finished.
        Writing "a_WalkE" file...
        ...Writing "a_WalkE" file finished.
        Writing "a_WalkNE" file...
        ...Writing "a_WalkNE" file finished.
        Writing "a_WalkN" file...
        ...Writing "a_WalkN" file finished.
        Writing "a_WalkNW" file...
        ...Writing "a_WalkNW" file finished.
        Writing "a_WalkW" file...
        ...Writing "a_WalkW" file finished.
        Writing "a_WalkSW" file...
        ...Writing "a_WalkSW" file finished.
        Writing "a_WalkS" file...
        ...Writing "a_WalkS" file finished.
        Writing "@layer_walk_hold_baton_angry" file...
        ...Writing "@layer_walk_hold_baton_angry" file finished.
        Writing "a_WalkS" file...
        ...Writing "a_WalkS" file finished.
        Writing "a_WalkSE" file...
        ...Writing "a_WalkSE" file finished.
        Writing "a_WalkE" file...
        ...Writing "a_WalkE" file finished.
        Writing "a_WalkNE" file...
        ...Writing "a_WalkNE" file finished.
        Writing "a_walkN_hold_baton_angry" file...
        ...Writing "a_walkN_hold_baton_angry" file finished.
        Writing "a_WalkNW" file...
        ...Writing "a_WalkNW" file finished.
        Writing "a_WalkW" file...
        ...Writing "a_WalkW" file finished.
        Writing "a_WalkSW" file...
        ...Writing "a_WalkSW" file finished.
        Writing "a_WalkS" file...
        ...Writing "a_WalkS" file finished.
        Writing "a_walkS_pistol_aim_delta" file...
        ...Writing "a_walkS_pistol_aim_delta" file finished.
        Writing "a_walkSE_pistol_aim_delta" file...
        ...Writing "a_walkSE_pistol_aim_delta" file finished.
        Writing "a_walkE_pistol_aim_delta" file...
        ...Writing "a_walkE_pistol_aim_delta" file finished.
        Writing "a_walkNE_pistol_aim_delta" file...
        ...Writing "a_walkNE_pistol_aim_delta" file finished.
        Writing "a_walkN_pistol_aim_delta" file...
        ...Writing "a_walkN_pistol_aim_delta" file finished.
        Writing "a_walkNW_pistol_aim_delta" file...
        ...Writing "a_walkNW_pistol_aim_delta" file finished.
        Writing "a_walkW_pistol_aim_delta" file...
        ...Writing "a_walkW_pistol_aim_delta" file finished.
        Writing "a_walkSW_pistol_aim_delta" file...
        ...Writing "a_walkSW_pistol_aim_delta" file finished.
        Writing "a_walkS_pistol_aim_delta" file...
        ...Writing "a_walkS_pistol_aim_delta" file finished.
        Writing "@layer_walk_aiming_pistol" file...
        ...Writing "@layer_walk_aiming_pistol" file finished.
        Writing "a_WalkS" file...
        ...Writing "a_WalkS" file finished.
        Writing "a_WalkSE" file...
        ...Writing "a_WalkSE" file finished.
        Writing "a_WalkE" file...
        ...Writing "a_WalkE" file finished.
        Writing "a_WalkNE" file...
        ...Writing "a_WalkNE" file finished.
        Writing "a_WalkN_aim_pistol" file...
        ...Writing "a_WalkN_aim_pistol" file finished.
        Writing "a_WalkNW" file...
        ...Writing "a_WalkNW" file finished.
        Writing "a_WalkW" file...
        ...Writing "a_WalkW" file finished.
        Writing "a_WalkSW" file...
        ...Writing "a_WalkSW" file finished.
        Writing "a_WalkS" file...
        ...Writing "a_WalkS" file finished.
        Writing "@layer_walk_hold_pistol" file...
        ...Writing "@layer_walk_hold_pistol" file finished.
        Writing "a_WalkS" file...
        ...Writing "a_WalkS" file finished.
        Writing "a_WalkSE" file...
        ...Writing "a_WalkSE" file finished.
        Writing "a_WalkE" file...
        ...Writing "a_WalkE" file finished.
        Writing "a_WalkNE" file...
        ...Writing "a_WalkNE" file finished.
        Writing "a_walkN_hold_pistol" file...
        ...Writing "a_walkN_hold_pistol" file finished.
        Writing "a_WalkNW" file...
        ...Writing "a_WalkNW" file finished.
        Writing "a_WalkW" file...
        ...Writing "a_WalkW" file finished.
        Writing "a_WalkSW" file...
        ...Writing "a_WalkSW" file finished.
        Writing "a_WalkS" file...
        ...Writing "a_WalkS" file finished.
        Writing "a_walkS_SMG1_aim_delta" file...
        ...Writing "a_walkS_SMG1_aim_delta" file finished.
        Writing "a_walkSE_SMG1_aim_delta" file...
        ...Writing "a_walkSE_SMG1_aim_delta" file finished.
        Writing "a_walkE_SMG1_aim_delta" file...
        ...Writing "a_walkE_SMG1_aim_delta" file finished.
        Writing "a_walkNE_SMG1_aim_delta" file...
        ...Writing "a_walkNE_SMG1_aim_delta" file finished.
        Writing "a_walkN_SMG1_aim_delta" file...
        ...Writing "a_walkN_SMG1_aim_delta" file finished.
        Writing "a_walkNW_SMG1_aim_delta" file...
        ...Writing "a_walkNW_SMG1_aim_delta" file finished.
        Writing "a_walkW_SMG1_aim_delta" file...
        ...Writing "a_walkW_SMG1_aim_delta" file finished.
        Writing "a_walkSW_SMG1_aim_delta" file...
        ...Writing "a_walkSW_SMG1_aim_delta" file finished.
        Writing "a_walkS_SMG1_aim_delta" file...
        ...Writing "a_walkS_SMG1_aim_delta" file finished.
        Writing "@layer_walk_aiming_SMG1" file...
        ...Writing "@layer_walk_aiming_SMG1" file finished.
        Writing "a_WalkS" file...
        ...Writing "a_WalkS" file finished.
        Writing "a_WalkSE" file...
        ...Writing "a_WalkSE" file finished.
        Writing "a_WalkE" file...
        ...Writing "a_WalkE" file finished.
        Writing "a_WalkNE" file...
        ...Writing "a_WalkNE" file finished.
        Writing "a_WalkN_aim_SMG1" file...
        ...Writing "a_WalkN_aim_SMG1" file finished.
        Writing "a_WalkNW" file...
        ...Writing "a_WalkNW" file finished.
        Writing "a_WalkW" file...
        ...Writing "a_WalkW" file finished.
        Writing "a_WalkSW" file...
        ...Writing "a_WalkSW" file finished.
        Writing "a_WalkS" file...
        ...Writing "a_WalkS" file finished.
        Writing "@layer_walk_hold_smg1" file...
        ...Writing "@layer_walk_hold_smg1" file finished.
        Writing "a_WalkS" file...
        ...Writing "a_WalkS" file finished.
        Writing "a_WalkSE" file...
        ...Writing "a_WalkSE" file finished.
        Writing "a_WalkE" file...
        ...Writing "a_WalkE" file finished.
        Writing "a_WalkNE" file...
        ...Writing "a_WalkNE" file finished.
        Writing "a_walkN_hold_smg1" file...
        ...Writing "a_walkN_hold_smg1" file finished.
        Writing "a_WalkNW" file...
        ...Writing "a_WalkNW" file finished.
        Writing "a_WalkW" file...
        ...Writing "a_WalkW" file finished.
        Writing "a_WalkSW" file...
        ...Writing "a_WalkSW" file finished.
        Writing "a_WalkS" file...
        ...Writing "a_WalkS" file finished.
        Writing "a_RunS" file...
        ...Writing "a_RunS" file finished.
        Writing "a_RunSE" file...
        ...Writing "a_RunSE" file finished.
        Writing "a_RunE" file...
        ...Writing "a_RunE" file finished.
        Writing "a_RunNE" file...
        ...Writing "a_RunNE" file finished.
        Writing "a_RunN" file...
        ...Writing "a_RunN" file finished.
        Writing "a_RunNW" file...
        ...Writing "a_RunNW" file finished.
        Writing "a_RunW" file...
        ...Writing "a_RunW" file finished.
        Writing "a_RunSW" file...
        ...Writing "a_RunSW" file finished.
        Writing "a_RunS" file...
        ...Writing "a_RunS" file finished.
        Writing "a_runS_pistol_aim_delta" file...
        ...Writing "a_runS_pistol_aim_delta" file finished.
        Writing "a_runSE_pistol_aim_delta" file...
        ...Writing "a_runSE_pistol_aim_delta" file finished.
        Writing "a_runE_pistol_aim_delta" file...
        ...Writing "a_runE_pistol_aim_delta" file finished.
        Writing "a_runNE_pistol_aim_delta" file...
        ...Writing "a_runNE_pistol_aim_delta" file finished.
        Writing "a_runN_pistol_aim_delta" file...
        ...Writing "a_runN_pistol_aim_delta" file finished.
        Writing "a_runNW_pistol_aim_delta" file...
        ...Writing "a_runNW_pistol_aim_delta" file finished.
        Writing "a_runW_pistol_aim_delta" file...
        ...Writing "a_runW_pistol_aim_delta" file finished.
        Writing "a_runSW_pistol_aim_delta" file...
        ...Writing "a_runSW_pistol_aim_delta" file finished.
        Writing "a_runS_pistol_aim_delta" file...
        ...Writing "a_runS_pistol_aim_delta" file finished.
        Writing "@layer_run_hold_pistol" file...
        ...Writing "@layer_run_hold_pistol" file finished.
        Writing "a_RunS" file...
        ...Writing "a_RunS" file finished.
        Writing "a_RunSE" file...
        ...Writing "a_RunSE" file finished.
        Writing "a_RunE" file...
        ...Writing "a_RunE" file finished.
        Writing "a_RunNE" file...
        ...Writing "a_RunNE" file finished.
        Writing "a_runN_hold_pistol" file...
        ...Writing "a_runN_hold_pistol" file finished.
        Writing "a_RunNW" file...
        ...Writing "a_RunNW" file finished.
        Writing "a_RunW" file...
        ...Writing "a_RunW" file finished.
        Writing "a_RunSW" file...
        ...Writing "a_RunSW" file finished.
        Writing "a_RunS" file...
        ...Writing "a_RunS" file finished.
        Writing "@layer_run_aiming_pistol" file...
        ...Writing "@layer_run_aiming_pistol" file finished.
        Writing "a_RunS" file...
        ...Writing "a_RunS" file finished.
        Writing "a_RunSE" file...
        ...Writing "a_RunSE" file finished.
        Writing "a_RunE" file...
        ...Writing "a_RunE" file finished.
        Writing "a_RunNE" file...
        ...Writing "a_RunNE" file finished.
        Writing "a_runN_aim_pistol" file...
        ...Writing "a_runN_aim_pistol" file finished.
        Writing "a_RunNW" file...
        ...Writing "a_RunNW" file finished.
        Writing "a_RunW" file...
        ...Writing "a_RunW" file finished.
        Writing "a_RunSW" file...
        ...Writing "a_RunSW" file finished.
        Writing "a_RunS" file...
        ...Writing "a_RunS" file finished.
        Writing "a_runS_smg1_aim_delta" file...
        ...Writing "a_runS_smg1_aim_delta" file finished.
        Writing "a_runSE_smg1_aim_delta" file...
        ...Writing "a_runSE_smg1_aim_delta" file finished.
        Writing "a_runE_smg1_aim_delta" file...
        ...Writing "a_runE_smg1_aim_delta" file finished.
        Writing "a_runNE_smg1_aim_delta" file...
        ...Writing "a_runNE_smg1_aim_delta" file finished.
        Writing "a_runN_smg1_aim_delta" file...
        ...Writing "a_runN_smg1_aim_delta" file finished.
        Writing "a_runNW_smg1_aim_delta" file...
        ...Writing "a_runNW_smg1_aim_delta" file finished.
        Writing "a_runW_smg1_aim_delta" file...
        ...Writing "a_runW_smg1_aim_delta" file finished.
        Writing "a_runSW_smg1_aim_delta" file...
        ...Writing "a_runSW_smg1_aim_delta" file finished.
        Writing "a_runS_smg1_aim_delta" file...
        ...Writing "a_runS_smg1_aim_delta" file finished.
        Writing "@layer_run_hold_smg1" file...
        ...Writing "@layer_run_hold_smg1" file finished.
        Writing "a_RunS" file...
        ...Writing "a_RunS" file finished.
        Writing "a_RunSE" file...
        ...Writing "a_RunSE" file finished.
        Writing "a_RunE" file...
        ...Writing "a_RunE" file finished.
        Writing "a_RunNE" file...
        ...Writing "a_RunNE" file finished.
        Writing "a_runN_hold_smg1" file...
        ...Writing "a_runN_hold_smg1" file finished.
        Writing "a_RunNW" file...
        ...Writing "a_RunNW" file finished.
        Writing "a_RunW" file...
        ...Writing "a_RunW" file finished.
        Writing "a_RunSW" file...
        ...Writing "a_RunSW" file finished.
        Writing "a_RunS" file...
        ...Writing "a_RunS" file finished.
        Writing "@layer_run_aiming_smg1" file...
        ...Writing "@layer_run_aiming_smg1" file finished.
        Writing "a_RunS" file...
        ...Writing "a_RunS" file finished.
        Writing "a_RunSE" file...
        ...Writing "a_RunSE" file finished.
        Writing "a_RunE" file...
        ...Writing "a_RunE" file finished.
        Writing "a_RunNE" file...
        ...Writing "a_RunNE" file finished.
        Writing "a_runN_aim_smg1" file...
        ...Writing "a_runN_aim_smg1" file finished.
        Writing "a_RunNW" file...
        ...Writing "a_RunNW" file finished.
        Writing "a_RunW" file...
        ...Writing "a_RunW" file finished.
        Writing "a_RunSW" file...
        ...Writing "a_RunSW" file finished.
        Writing "a_RunS" file...
        ...Writing "a_RunS" file finished.
        Writing "@Stand_to_crouchpistol" file...
        ...Writing "@Stand_to_crouchpistol" file finished.
        Writing "@Crouch_to_standpistol" file...
        ...Writing "@Crouch_to_standpistol" file finished.
        Writing "@Shoot_to_crouchpistol" file...
        ...Writing "@Shoot_to_crouchpistol" file finished.
        Writing "@Crouch_to_shootpistol" file...
        ...Writing "@Crouch_to_shootpistol" file finished.
        Writing "@shoottostandpistol" file...
        ...Writing "@shoottostandpistol" file finished.
        Writing "@standtoshootpistol" file...
        ...Writing "@standtoshootpistol" file finished.
        Writing "@crouch_to_lowcoverpistol" file...
        ...Writing "@crouch_to_lowcoverpistol" file finished.
        Writing "@lowcover_to_crouchpistol" file...
        ...Writing "@lowcover_to_crouchpistol" file finished.
        Writing "@Stand_to_crouchsmg1" file...
        ...Writing "@Stand_to_crouchsmg1" file finished.
        Writing "@Crouch_to_standsmg1" file...
        ...Writing "@Crouch_to_standsmg1" file finished.
        Writing "@Shoot_to_crouchsmg1" file...
        ...Writing "@Shoot_to_crouchsmg1" file finished.
        Writing "@Crouch_to_shootsmg1" file...
        ...Writing "@Crouch_to_shootsmg1" file finished.
        Writing "@crouch_to_lowcoversmg1" file...
        ...Writing "@crouch_to_lowcoversmg1" file finished.
        Writing "@lowcover_to_crouchsmg1" file...
        ...Writing "@lowcover_to_crouchsmg1" file finished.
        Writing "@turnleft" file...
        ...Writing "@turnleft" file finished.
        Writing "@turnright" file...
        ...Writing "@turnright" file finished.
        Writing "@gesture_turn_left_45default" file...
        ...Writing "@gesture_turn_left_45default" file finished.
        Writing "@gesture_turn_left_45inDelta" file...
        ...Writing "@gesture_turn_left_45inDelta" file finished.
        Writing "@gesture_turn_left_45outDelta" file...
        ...Writing "@gesture_turn_left_45outDelta" file finished.
        Writing "@gesture_turn_left_45" file...
        ...Writing "@gesture_turn_left_45" file finished.
        Writing "@gesture_turn_left_90default" file...
        ...Writing "@gesture_turn_left_90default" file finished.
        Writing "@gesture_turn_left_90inDelta" file...
        ...Writing "@gesture_turn_left_90inDelta" file finished.
        Writing "@gesture_turn_left_90outDelta" file...
        ...Writing "@gesture_turn_left_90outDelta" file finished.
        Writing "@gesture_turn_left_90" file...
        ...Writing "@gesture_turn_left_90" file finished.
        Writing "@gesture_turn_right_45default" file...
        ...Writing "@gesture_turn_right_45default" file finished.
        Writing "@gesture_turn_right_45inDelta" file...
        ...Writing "@gesture_turn_right_45inDelta" file finished.
        Writing "@gesture_turn_right_45outDelta" file...
        ...Writing "@gesture_turn_right_45outDelta" file finished.
        Writing "@gesture_turn_right_45" file...
        ...Writing "@gesture_turn_right_45" file finished.
        Writing "@gesture_turn_right_90default" file...
        ...Writing "@gesture_turn_right_90default" file finished.
        Writing "@gesture_turn_right_90inDelta" file...
        ...Writing "@gesture_turn_right_90inDelta" file finished.
        Writing "@gesture_turn_right_90outDelta" file...
        ...Writing "@gesture_turn_right_90outDelta" file finished.
        Writing "@gesture_turn_right_90" file...
        ...Writing "@gesture_turn_right_90" file finished.
        Writing "@jump_holding_jump" file...
        ...Writing "@jump_holding_jump" file finished.
        Writing "@jump_holding_glide" file...
        ...Writing "@jump_holding_glide" file finished.
        Writing "@jump_holding_land" file...
        ...Writing "@jump_holding_land" file finished.
        Writing "@Neutral_to_Choked_Barnacle" file...
        ...Writing "@Neutral_to_Choked_Barnacle" file finished.
        Writing "@Choked_Barnacle" file...
        ...Writing "@Choked_Barnacle" file finished.
        Writing "@Crushed_Barnacle" file...
        ...Writing "@Crushed_Barnacle" file finished.
        Writing "@Dropship_Deploy" file...
        ...Writing "@Dropship_Deploy" file finished.
        Writing "Man_Gun_up_right" file...
        ...Writing "Man_Gun_up_right" file finished.
        Writing "Man_Gun_up_center" file...
        ...Writing "Man_Gun_up_center" file finished.
        Writing "Man_Gun_up_left" file...
        ...Writing "Man_Gun_up_left" file finished.
        Writing "Man_Gun_mid_right" file...
        ...Writing "Man_Gun_mid_right" file finished.
        Writing "Man_Gun_mid_center" file...
        ...Writing "Man_Gun_mid_center" file finished.
        Writing "Man_Gun_mid_left" file...
        ...Writing "Man_Gun_mid_left" file finished.
        Writing "Man_Gun_down_right" file...
        ...Writing "Man_Gun_down_right" file finished.
        Writing "Man_Gun_down_center" file...
        ...Writing "Man_Gun_down_center" file finished.
        Writing "Man_Gun_down_left" file...
        ...Writing "Man_Gun_down_left" file finished.
        Writing "@Man_Gun" file...
        ...Writing "@Man_Gun" file finished.
      ...Writing animation ($sequence) smd files finished.
      Writing animation ($animation) smd files...
        Writing "a_pose_neutral" file...
        ...Writing "a_pose_neutral" file finished.
        Writing "a_body_rot" file...
        ...Writing "a_body_rot" file finished.
        Writing "a_body_rot_z_rt" file...
        ...Writing "a_body_rot_z_rt" file finished.
        Writing "a_body_rot_z_lt" file...
        ...Writing "a_body_rot_z_lt" file finished.
        Writing "a_spine_rot" file...
        ...Writing "a_spine_rot" file finished.
        Writing "a_spine_rot_z_rt" file...
        ...Writing "a_spine_rot_z_rt" file finished.
        Writing "a_spine_rot_z_lt" file...
        ...Writing "a_spine_rot_z_lt" file finished.
        Writing "a_head_rot" file...
        ...Writing "a_head_rot" file finished.
        Writing "a_head_rot_lt" file...
        ...Writing "a_head_rot_lt" file finished.
        Writing "a_head_rot_rt" file...
        ...Writing "a_head_rot_rt" file finished.
        Writing "a_neck_trans" file...
        ...Writing "a_neck_trans" file finished.
        Writing "a_neck_trans_fwd" file...
        ...Writing "a_neck_trans_fwd" file finished.
        Writing "a_neck_trans_back" file...
        ...Writing "a_neck_trans_back" file finished.
        Writing "a_head_rot_dwn" file...
        ...Writing "a_head_rot_dwn" file finished.
        Writing "a_head_rot_up" file...
        ...Writing "a_head_rot_up" file finished.
        Writing "a_head_rot_z_rt" file...
        ...Writing "a_head_rot_z_rt" file finished.
        Writing "a_head_rot_z_lt" file...
        ...Writing "a_head_rot_z_lt" file finished.
        Writing "@batonidle1" file...
        ...Writing "@batonidle1" file finished.
        Writing "@batonidle2" file...
        ...Writing "@batonidle2" file finished.
        Writing "@smg1idle1" file...
        ...Writing "@smg1idle1" file finished.
        Writing "@smg1idle2" file...
        ...Writing "@smg1idle2" file finished.
        Writing "@pistolidle1" file...
        ...Writing "@pistolidle1" file finished.
        Writing "@pistolidle2" file...
        ...Writing "@pistolidle2" file finished.
        Writing "@Idle_Baton" file...
        ...Writing "@Idle_Baton" file finished.
        Writing "@BlockEntry" file...
        ...Writing "@BlockEntry" file finished.
        Writing "@buttonright" file...
        ...Writing "@buttonright" file finished.
        Writing "@buttonfront" file...
        ...Writing "@buttonfront" file finished.
        Writing "@buttonleft" file...
        ...Writing "@buttonleft" file finished.
        Writing "@busyidle1" file...
        ...Writing "@busyidle1" file finished.
        Writing "@busyidle2" file...
        ...Writing "@busyidle2" file finished.
        Writing "@harassfront1" file...
        ...Writing "@harassfront1" file finished.
        Writing "@harassfront2" file...
        ...Writing "@harassfront2" file finished.
        Writing "@pickup" file...
        ...Writing "@pickup" file finished.
        Writing "@point" file...
        ...Writing "@point" file finished.
        Writing "@idleonfire" file...
        ...Writing "@idleonfire" file finished.
        Writing "@moveonfire" file...
        ...Writing "@moveonfire" file finished.
        Writing "@rappelloop" file...
        ...Writing "@rappelloop" file finished.
        Writing "@rappelland" file...
        ...Writing "@rappelland" file finished.
        Writing "@pushplayer" file...
        ...Writing "@pushplayer" file finished.
        Writing "@activatebaton" file...
        ...Writing "@activatebaton" file finished.
        Writing "@deactivatebaton" file...
        ...Writing "@deactivatebaton" file finished.
        Writing "@cower" file...
        ...Writing "@cower" file finished.
        Writing "@flinch_head1" file...
        ...Writing "@flinch_head1" file finished.
        Writing "@flinch_head2" file...
        ...Writing "@flinch_head2" file finished.
        Writing "@flinch_stomach1" file...
        ...Writing "@flinch_stomach1" file finished.
        Writing "@flinch_stomach2" file...
        ...Writing "@flinch_stomach2" file finished.
        Writing "@flinch_leftarm1" file...
        ...Writing "@flinch_leftarm1" file finished.
        Writing "@flinch_rightarm1" file...
        ...Writing "@flinch_rightarm1" file finished.
        Writing "@flinch_back1" file...
        ...Writing "@flinch_back1" file finished.
        Writing "@flinch1" file...
        ...Writing "@flinch1" file finished.
        Writing "@flinch2" file...
        ...Writing "@flinch2" file finished.
        Writing "a_flinch_gesture" file...
        ...Writing "a_flinch_gesture" file finished.
        Writing "a_flinch_head_gesture1" file...
        ...Writing "a_flinch_head_gesture1" file finished.
        Writing "a_flinch_head_gesture2" file...
        ...Writing "a_flinch_head_gesture2" file finished.
        Writing "a_flinch_gut_gesture1" file...
        ...Writing "a_flinch_gut_gesture1" file finished.
        Writing "a_flinch_gut_gesture2" file...
        ...Writing "a_flinch_gut_gesture2" file finished.
        Writing "a_flinch_larm_gesture" file...
        ...Writing "a_flinch_larm_gesture" file finished.
        Writing "a_flinch_rarm_gesture" file...
        ...Writing "a_flinch_rarm_gesture" file finished.
        Writing "@physflinch1" file...
        ...Writing "@physflinch1" file finished.
        Writing "@physflinch2" file...
        ...Writing "@physflinch2" file finished.
        Writing "@deathpose_front" file...
        ...Writing "@deathpose_front" file finished.
        Writing "@deathpose_back" file...
        ...Writing "@deathpose_back" file finished.
        Writing "@deathpose_right" file...
        ...Writing "@deathpose_right" file finished.
        Writing "@deathpose_left" file...
        ...Writing "@deathpose_left" file finished.
        Writing "@deploy" file...
        ...Writing "@deploy" file finished.
        Writing "@grenadethrow" file...
        ...Writing "@grenadethrow" file finished.
        Writing "@pistolangryidle2" file...
        ...Writing "@pistolangryidle2" file finished.
        Writing "@Crouch_idle_pistol" file...
        ...Writing "@Crouch_idle_pistol" file finished.
        Writing "@drawpistol" file...
        ...Writing "@drawpistol" file finished.
        Writing "@shootp1" file...
        ...Writing "@shootp1" file finished.
        Writing "@gesture_shoot_pistol" file...
        ...Writing "@gesture_shoot_pistol" file finished.
        Writing "@reload_pistol" file...
        ...Writing "@reload_pistol" file finished.
        Writing "@crouch_reload_pistol" file...
        ...Writing "@crouch_reload_pistol" file finished.
        Writing "@gesture_reload_pistolspine" file...
        ...Writing "@gesture_reload_pistolspine" file finished.
        Writing "@gesture_reload_pistolarms" file...
        ...Writing "@gesture_reload_pistolarms" file finished.
        Writing "@gesture_reload_pistol" file...
        ...Writing "@gesture_reload_pistol" file finished.
        Writing "@lowcover_shoot_pistol" file...
        ...Writing "@lowcover_shoot_pistol" file finished.
        Writing "@lowcover_aim_pistol" file...
        ...Writing "@lowcover_aim_pistol" file finished.
        Writing "@smg1angryidle1" file...
        ...Writing "@smg1angryidle1" file finished.
        Writing "@Crouch_idle_smg1" file...
        ...Writing "@Crouch_idle_smg1" file finished.
        Writing "@shoot_smg1" file...
        ...Writing "@shoot_smg1" file finished.
        Writing "@gesture_shoot_smg1" file...
        ...Writing "@gesture_shoot_smg1" file finished.
        Writing "@reload_smg1" file...
        ...Writing "@reload_smg1" file finished.
        Writing "@crouch_reload_smg1" file...
        ...Writing "@crouch_reload_smg1" file finished.
        Writing "@gesture_reload_smg1spine" file...
        ...Writing "@gesture_reload_smg1spine" file finished.
        Writing "@gesture_reload_smg1arms" file...
        ...Writing "@gesture_reload_smg1arms" file finished.
        Writing "@gesture_reload_smg1" file...
        ...Writing "@gesture_reload_smg1" file finished.
        Writing "@lowcover_shoot_smg1" file...
        ...Writing "@lowcover_shoot_smg1" file finished.
        Writing "@lowcover_aim_smg1" file...
        ...Writing "@lowcover_aim_smg1" file finished.
        Writing "@batonangryidle1" file...
        ...Writing "@batonangryidle1" file finished.
        Writing "@swing" file...
        ...Writing "@swing" file finished.
        Writing "@thrust" file...
        ...Writing "@thrust" file finished.
        Writing "@swinggesturespine" file...
        ...Writing "@swinggesturespine" file finished.
        Writing "@swinggesturearms" file...
        ...Writing "@swinggesturearms" file finished.
        Writing "@swinggesture" file...
        ...Writing "@swinggesture" file finished.
        Writing "a_aim_pistol_neutral" file...
        ...Writing "a_aim_pistol_neutral" file finished.
        Writing "a_pistol_aim_down_left" file...
        ...Writing "a_pistol_aim_down_left" file finished.
        Writing "a_pistol_aim_down_center" file...
        ...Writing "a_pistol_aim_down_center" file finished.
        Writing "a_pistol_aim_down_right" file...
        ...Writing "a_pistol_aim_down_right" file finished.
        Writing "a_pistol_aim_mid_left" file...
        ...Writing "a_pistol_aim_mid_left" file finished.
        Writing "a_pistol_aim_mid_center" file...
        ...Writing "a_pistol_aim_mid_center" file finished.
        Writing "a_pistol_aim_mid_right" file...
        ...Writing "a_pistol_aim_mid_right" file finished.
        Writing "a_pistol_aim_up_left" file...
        ...Writing "a_pistol_aim_up_left" file finished.
        Writing "a_pistol_aim_up_center" file...
        ...Writing "a_pistol_aim_up_center" file finished.
        Writing "a_pistol_aim_up_right" file...
        ...Writing "a_pistol_aim_up_right" file finished.
        Writing "a_pistol_aim_straight_up" file...
        ...Writing "a_pistol_aim_straight_up" file finished.
        Writing "a_walkn_aim_pistol_neutral" file...
        ...Writing "a_walkn_aim_pistol_neutral" file finished.
        Writing "a_WalkN_pistol_aim_down_left" file...
        ...Writing "a_WalkN_pistol_aim_down_left" file finished.
        Writing "a_WalkN_pistol_aim_down_center" file...
        ...Writing "a_WalkN_pistol_aim_down_center" file finished.
        Writing "a_WalkN_pistol_aim_down_right" file...
        ...Writing "a_WalkN_pistol_aim_down_right" file finished.
        Writing "a_WalkN_pistol_aim_mid_left" file...
        ...Writing "a_WalkN_pistol_aim_mid_left" file finished.
        Writing "a_WalkN_pistol_aim_mid_center" file...
        ...Writing "a_WalkN_pistol_aim_mid_center" file finished.
        Writing "a_WalkN_pistol_aim_mid_right" file...
        ...Writing "a_WalkN_pistol_aim_mid_right" file finished.
        Writing "a_WalkN_pistol_aim_up_left" file...
        ...Writing "a_WalkN_pistol_aim_up_left" file finished.
        Writing "a_WalkN_pistol_aim_up_center" file...
        ...Writing "a_WalkN_pistol_aim_up_center" file finished.
        Writing "a_WalkN_pistol_aim_up_right" file...
        ...Writing "a_WalkN_pistol_aim_up_right" file finished.
        Writing "a_WalkN_pistol_aim_straight_up" file...
        ...Writing "a_WalkN_pistol_aim_straight_up" file finished.
        Writing "a_aim_SMG1_neutral" file...
        ...Writing "a_aim_SMG1_neutral" file finished.
        Writing "a_SMG1_aim_down_left" file...
        ...Writing "a_SMG1_aim_down_left" file finished.
        Writing "a_SMG1_aim_down_center" file...
        ...Writing "a_SMG1_aim_down_center" file finished.
        Writing "a_SMG1_aim_down_right" file...
        ...Writing "a_SMG1_aim_down_right" file finished.
        Writing "a_SMG1_aim_mid_left" file...
        ...Writing "a_SMG1_aim_mid_left" file finished.
        Writing "a_SMG1_aim_mid_center" file...
        ...Writing "a_SMG1_aim_mid_center" file finished.
        Writing "a_SMG1_aim_mid_right" file...
        ...Writing "a_SMG1_aim_mid_right" file finished.
        Writing "a_SMG1_aim_up_left" file...
        ...Writing "a_SMG1_aim_up_left" file finished.
        Writing "a_SMG1_aim_up_center" file...
        ...Writing "a_SMG1_aim_up_center" file finished.
        Writing "a_SMG1_aim_up_right" file...
        ...Writing "a_SMG1_aim_up_right" file finished.
        Writing "a_SMG1_aim_straight_up" file...
        ...Writing "a_SMG1_aim_straight_up" file finished.
        Writing "a_walkn_aim_SMG1_neutral" file...
        ...Writing "a_walkn_aim_SMG1_neutral" file finished.
        Writing "a_WalkN_SMG1_aim_down_left" file...
        ...Writing "a_WalkN_SMG1_aim_down_left" file finished.
        Writing "a_WalkN_SMG1_aim_down_center" file...
        ...Writing "a_WalkN_SMG1_aim_down_center" file finished.
        Writing "a_WalkN_SMG1_aim_down_right" file...
        ...Writing "a_WalkN_SMG1_aim_down_right" file finished.
        Writing "a_WalkN_SMG1_aim_mid_left" file...
        ...Writing "a_WalkN_SMG1_aim_mid_left" file finished.
        Writing "a_WalkN_SMG1_aim_mid_center" file...
        ...Writing "a_WalkN_SMG1_aim_mid_center" file finished.
        Writing "a_WalkN_SMG1_aim_mid_right" file...
        ...Writing "a_WalkN_SMG1_aim_mid_right" file finished.
        Writing "a_WalkN_SMG1_aim_up_left" file...
        ...Writing "a_WalkN_SMG1_aim_up_left" file finished.
        Writing "a_WalkN_SMG1_aim_up_center" file...
        ...Writing "a_WalkN_SMG1_aim_up_center" file finished.
        Writing "a_WalkN_SMG1_aim_up_right" file...
        ...Writing "a_WalkN_SMG1_aim_up_right" file finished.
        Writing "a_WalkN_SMG1_aim_straight_up" file...
        ...Writing "a_WalkN_SMG1_aim_straight_up" file finished.
        Writing "a_Crouch_walkS" file...
        ...Writing "a_Crouch_walkS" file finished.
        Writing "a_Crouch_walkSE" file...
        ...Writing "a_Crouch_walkSE" file finished.
        Writing "a_Crouch_walkE" file...
        ...Writing "a_Crouch_walkE" file finished.
        Writing "a_Crouch_walkNE" file...
        ...Writing "a_Crouch_walkNE" file finished.
        Writing "a_Crouch_walkN" file...
        ...Writing "a_Crouch_walkN" file finished.
        Writing "a_Crouch_walkNW" file...
        ...Writing "a_Crouch_walkNW" file finished.
        Writing "a_Crouch_walkW" file...
        ...Writing "a_Crouch_walkW" file finished.
        Writing "a_Crouch_walkSW" file...
        ...Writing "a_Crouch_walkSW" file finished.
        Writing "a_WalkS" file...
        ...Writing "a_WalkS" file finished.
        Writing "a_WalkSE" file...
        ...Writing "a_WalkSE" file finished.
        Writing "a_WalkE" file...
        ...Writing "a_WalkE" file finished.
        Writing "a_WalkNE" file...
        ...Writing "a_WalkNE" file finished.
        Writing "a_WalkN" file...
        ...Writing "a_WalkN" file finished.
        Writing "a_WalkNW" file...
        ...Writing "a_WalkNW" file finished.
        Writing "a_WalkW" file...
        ...Writing "a_WalkW" file finished.
        Writing "a_WalkSW" file...
        ...Writing "a_WalkSW" file finished.
        Writing "@layer_walk_hold_baton_angry" file...
        ...Writing "@layer_walk_hold_baton_angry" file finished.
        Writing "a_walkN_hold_baton_angry" file...
        ...Writing "a_walkN_hold_baton_angry" file finished.
        Writing "a_walkS_pistol_aim_delta" file...
        ...Writing "a_walkS_pistol_aim_delta" file finished.
        Writing "a_walkSE_pistol_aim_delta" file...
        ...Writing "a_walkSE_pistol_aim_delta" file finished.
        Writing "a_walkE_pistol_aim_delta" file...
        ...Writing "a_walkE_pistol_aim_delta" file finished.
        Writing "a_walkNE_pistol_aim_delta" file...
        ...Writing "a_walkNE_pistol_aim_delta" file finished.
        Writing "a_walkN_pistol_aim_delta" file...
        ...Writing "a_walkN_pistol_aim_delta" file finished.
        Writing "a_walkNW_pistol_aim_delta" file...
        ...Writing "a_walkNW_pistol_aim_delta" file finished.
        Writing "a_walkW_pistol_aim_delta" file...
        ...Writing "a_walkW_pistol_aim_delta" file finished.
        Writing "a_walkSW_pistol_aim_delta" file...
        ...Writing "a_walkSW_pistol_aim_delta" file finished.
        Writing "@layer_walk_aiming_pistol" file...
        ...Writing "@layer_walk_aiming_pistol" file finished.
        Writing "a_WalkN_aim_pistol" file...
        ...Writing "a_WalkN_aim_pistol" file finished.
        Writing "@layer_walk_hold_pistol" file...
        ...Writing "@layer_walk_hold_pistol" file finished.
        Writing "a_walkN_hold_pistol" file...
        ...Writing "a_walkN_hold_pistol" file finished.
        Writing "a_walkS_SMG1_aim_delta" file...
        ...Writing "a_walkS_SMG1_aim_delta" file finished.
        Writing "a_walkSE_SMG1_aim_delta" file...
        ...Writing "a_walkSE_SMG1_aim_delta" file finished.
        Writing "a_walkE_SMG1_aim_delta" file...
        ...Writing "a_walkE_SMG1_aim_delta" file finished.
        Writing "a_walkNE_SMG1_aim_delta" file...
        ...Writing "a_walkNE_SMG1_aim_delta" file finished.
        Writing "a_walkN_SMG1_aim_delta" file...
        ...Writing "a_walkN_SMG1_aim_delta" file finished.
        Writing "a_walkNW_SMG1_aim_delta" file...
        ...Writing "a_walkNW_SMG1_aim_delta" file finished.
        Writing "a_walkW_SMG1_aim_delta" file...
        ...Writing "a_walkW_SMG1_aim_delta" file finished.
        Writing "a_walkSW_SMG1_aim_delta" file...
        ...Writing "a_walkSW_SMG1_aim_delta" file finished.
        Writing "@layer_walk_aiming_SMG1" file...
        ...Writing "@layer_walk_aiming_SMG1" file finished.
        Writing "a_WalkN_aim_SMG1" file...
        ...Writing "a_WalkN_aim_SMG1" file finished.
        Writing "@layer_walk_hold_smg1" file...
        ...Writing "@layer_walk_hold_smg1" file finished.
        Writing "a_walkN_hold_smg1" file...
        ...Writing "a_walkN_hold_smg1" file finished.
        Writing "a_RunS" file...
        ...Writing "a_RunS" file finished.
        Writing "a_RunSE" file...
        ...Writing "a_RunSE" file finished.
        Writing "a_RunE" file...
        ...Writing "a_RunE" file finished.
        Writing "a_RunNE" file...
        ...Writing "a_RunNE" file finished.
        Writing "a_RunN" file...
        ...Writing "a_RunN" file finished.
        Writing "a_RunNW" file...
        ...Writing "a_RunNW" file finished.
        Writing "a_RunW" file...
        ...Writing "a_RunW" file finished.
        Writing "a_RunSW" file...
        ...Writing "a_RunSW" file finished.
        Writing "a_runS_pistol_aim_delta" file...
        ...Writing "a_runS_pistol_aim_delta" file finished.
        Writing "a_runSE_pistol_aim_delta" file...
        ...Writing "a_runSE_pistol_aim_delta" file finished.
        Writing "a_runE_pistol_aim_delta" file...
        ...Writing "a_runE_pistol_aim_delta" file finished.
        Writing "a_runNE_pistol_aim_delta" file...
        ...Writing "a_runNE_pistol_aim_delta" file finished.
        Writing "a_runN_pistol_aim_delta" file...
        ...Writing "a_runN_pistol_aim_delta" file finished.
        Writing "a_runNW_pistol_aim_delta" file...
        ...Writing "a_runNW_pistol_aim_delta" file finished.
        Writing "a_runW_pistol_aim_delta" file...
        ...Writing "a_runW_pistol_aim_delta" file finished.
        Writing "a_runSW_pistol_aim_delta" file...
        ...Writing "a_runSW_pistol_aim_delta" file finished.
        Writing "@layer_run_hold_pistol" file...
        ...Writing "@layer_run_hold_pistol" file finished.
        Writing "a_runN_hold_pistol" file...
        ...Writing "a_runN_hold_pistol" file finished.
        Writing "@layer_run_aiming_pistol" file...
        ...Writing "@layer_run_aiming_pistol" file finished.
        Writing "a_runN_aim_pistol" file...
        ...Writing "a_runN_aim_pistol" file finished.
        Writing "a_runS_smg1_aim_delta" file...
        ...Writing "a_runS_smg1_aim_delta" file finished.
        Writing "a_runSE_smg1_aim_delta" file...
        ...Writing "a_runSE_smg1_aim_delta" file finished.
        Writing "a_runE_smg1_aim_delta" file...
        ...Writing "a_runE_smg1_aim_delta" file finished.
        Writing "a_runNE_smg1_aim_delta" file...
        ...Writing "a_runNE_smg1_aim_delta" file finished.
        Writing "a_runN_smg1_aim_delta" file...
        ...Writing "a_runN_smg1_aim_delta" file finished.
        Writing "a_runNW_smg1_aim_delta" file...
        ...Writing "a_runNW_smg1_aim_delta" file finished.
        Writing "a_runW_smg1_aim_delta" file...
        ...Writing "a_runW_smg1_aim_delta" file finished.
        Writing "a_runSW_smg1_aim_delta" file...
        ...Writing "a_runSW_smg1_aim_delta" file finished.
        Writing "@layer_run_hold_smg1" file...
        ...Writing "@layer_run_hold_smg1" file finished.
        Writing "a_runN_hold_smg1" file...
        ...Writing "a_runN_hold_smg1" file finished.
        Writing "@layer_run_aiming_smg1" file...
        ...Writing "@layer_run_aiming_smg1" file finished.
        Writing "a_runN_aim_smg1" file...
        ...Writing "a_runN_aim_smg1" file finished.
        Writing "@Stand_to_crouchpistol" file...
        ...Writing "@Stand_to_crouchpistol" file finished.
        Writing "@Crouch_to_standpistol" file...
        ...Writing "@Crouch_to_standpistol" file finished.
        Writing "@Shoot_to_crouchpistol" file...
        ...Writing "@Shoot_to_crouchpistol" file finished.
        Writing "@Crouch_to_shootpistol" file...
        ...Writing "@Crouch_to_shootpistol" file finished.
        Writing "@shoottostandpistol" file...
        ...Writing "@shoottostandpistol" file finished.
        Writing "@standtoshootpistol" file...
        ...Writing "@standtoshootpistol" file finished.
        Writing "@crouch_to_lowcoverpistol" file...
        ...Writing "@crouch_to_lowcoverpistol" file finished.
        Writing "@lowcover_to_crouchpistol" file...
        ...Writing "@lowcover_to_crouchpistol" file finished.
        Writing "@Stand_to_crouchsmg1" file...
        ...Writing "@Stand_to_crouchsmg1" file finished.
        Writing "@Crouch_to_standsmg1" file...
        ...Writing "@Crouch_to_standsmg1" file finished.
        Writing "@Shoot_to_crouchsmg1" file...
        ...Writing "@Shoot_to_crouchsmg1" file finished.
        Writing "@Crouch_to_shootsmg1" file...
        ...Writing "@Crouch_to_shootsmg1" file finished.
        Writing "@crouch_to_lowcoversmg1" file...
        ...Writing "@crouch_to_lowcoversmg1" file finished.
        Writing "@lowcover_to_crouchsmg1" file...
        ...Writing "@lowcover_to_crouchsmg1" file finished.
        Writing "@turnleft" file...
        ...Writing "@turnleft" file finished.
        Writing "@turnright" file...
        ...Writing "@turnright" file finished.
        Writing "@gesture_turn_left_45zero" file...
        ...Writing "@gesture_turn_left_45zero" file finished.
        Writing "@gesture_turn_left_45default" file...
        ...Writing "@gesture_turn_left_45default" file finished.
        Writing "@gesture_turn_left_45inDelta" file...
        ...Writing "@gesture_turn_left_45inDelta" file finished.
        Writing "@gesture_turn_left_45outDelta" file...
        ...Writing "@gesture_turn_left_45outDelta" file finished.
        Writing "@gesture_turn_left_45" file...
        ...Writing "@gesture_turn_left_45" file finished.
        Writing "@gesture_turn_left_90zero" file...
        ...Writing "@gesture_turn_left_90zero" file finished.
        Writing "@gesture_turn_left_90default" file...
        ...Writing "@gesture_turn_left_90default" file finished.
        Writing "@gesture_turn_left_90inDelta" file...
        ...Writing "@gesture_turn_left_90inDelta" file finished.
        Writing "@gesture_turn_left_90outDelta" file...
        ...Writing "@gesture_turn_left_90outDelta" file finished.
        Writing "@gesture_turn_left_90" file...
        ...Writing "@gesture_turn_left_90" file finished.
        Writing "@gesture_turn_right_45zero" file...
        ...Writing "@gesture_turn_right_45zero" file finished.
        Writing "@gesture_turn_right_45default" file...
        ...Writing "@gesture_turn_right_45default" file finished.
        Writing "@gesture_turn_right_45inDelta" file...
        ...Writing "@gesture_turn_right_45inDelta" file finished.
        Writing "@gesture_turn_right_45outDelta" file...
        ...Writing "@gesture_turn_right_45outDelta" file finished.
        Writing "@gesture_turn_right_45" file...
        ...Writing "@gesture_turn_right_45" file finished.
        Writing "@gesture_turn_right_90zero" file...
        ...Writing "@gesture_turn_right_90zero" file finished.
        Writing "@gesture_turn_right_90default" file...
        ...Writing "@gesture_turn_right_90default" file finished.
        Writing "@gesture_turn_right_90inDelta" file...
        ...Writing "@gesture_turn_right_90inDelta" file finished.
        Writing "@gesture_turn_right_90outDelta" file...
        ...Writing "@gesture_turn_right_90outDelta" file finished.
        Writing "@gesture_turn_right_90" file...
        ...Writing "@gesture_turn_right_90" file finished.
        Writing "a_jump_holding_hit" file...
        ...Writing "a_jump_holding_hit" file finished.
        Writing "@jump_holding_jump" file...
        ...Writing "@jump_holding_jump" file finished.
        Writing "@jump_holding_glide" file...
        ...Writing "@jump_holding_glide" file finished.
        Writing "@jump_holding_land" file...
        ...Writing "@jump_holding_land" file finished.
        Writing "@Neutral_to_Choked_Barnacle" file...
        ...Writing "@Neutral_to_Choked_Barnacle" file finished.
        Writing "@Choked_Barnacle" file...
        ...Writing "@Choked_Barnacle" file finished.
        Writing "@Crushed_Barnacle" file...
        ...Writing "@Crushed_Barnacle" file finished.
        Writing "@Dropship_Deploy" file...
        ...Writing "@Dropship_Deploy" file finished.
        Writing "Man_Gun_neutral" file...
        ...Writing "Man_Gun_neutral" file finished.
        Writing "Man_Gun_down_left" file...
        ...Writing "Man_Gun_down_left" file finished.
        Writing "Man_Gun_down_center" file...
        ...Writing "Man_Gun_down_center" file finished.
        Writing "Man_Gun_down_right" file...
        ...Writing "Man_Gun_down_right" file finished.
        Writing "Man_Gun_mid_left" file...
        ...Writing "Man_Gun_mid_left" file finished.
        Writing "Man_Gun_mid_center" file...
        ...Writing "Man_Gun_mid_center" file finished.
        Writing "Man_Gun_mid_right" file...
        ...Writing "Man_Gun_mid_right" file finished.
        Writing "Man_Gun_up_left" file...
        ...Writing "Man_Gun_up_left" file finished.
        Writing "Man_Gun_up_center" file...
        ...Writing "Man_Gun_up_center" file finished.
        Writing "Man_Gun_up_right" file...
        ...Writing "Man_Gun_up_right" file finished.
        Writing "@Man_Gun" file...
        ...Writing "@Man_Gun" file finished.
      ...Writing animation ($animation) smd files finished.
    ...Writing data finished.
  ...Decompiling ".\Police_animations.mdl" finished.
